{"numTotalTestSuites":466,"numPassedTestSuites":448,"numFailedTestSuites":18,"numPendingTestSuites":0,"numTotalTests":1057,"numPassedTests":1028,"numFailedTests":29,"numPendingTests":0,"numTodoTests":0,"snapshot":{"added":0,"failure":false,"filesAdded":0,"filesRemoved":0,"filesRemovedList":[],"filesUnmatched":0,"filesUpdated":0,"matched":0,"total":0,"unchecked":0,"uncheckedKeysByFile":[],"unmatched":0,"updated":0,"didUpdate":false},"startTime":1784275692510,"success":false,"testResults":[{"assertionResults":[{"ancestorTitles":["AppRoutes smoke"],"fullName":"AppRoutes smoke renders nested sync-jobs route through AdminLayout (T-FE-11, T-FE-17)","status":"passed","title":"renders nested sync-jobs route through AdminLayout (T-FE-11, T-FE-17)","duration":327.79609999999957,"failureMessages":[],"meta":{}},{"ancestorTitles":["AppRoutes smoke"],"fullName":"AppRoutes smoke shows loading skeleton in nested sync-jobs route (T-FE-12)","status":"passed","title":"shows loading skeleton in nested sync-jobs route (T-FE-12)","duration":154.71110000000044,"failureMessages":[],"meta":{}},{"ancestorTitles":["AppRoutes smoke"],"fullName":"AppRoutes smoke renders AdminLayout at /admin with VitalSpan logo (T-FE-01)","status":"passed","title":"renders AdminLayout at /admin with VitalSpan logo (T-FE-01)","duration":95.15810000000056,"failureMessages":[],"meta":{}},{"ancestorTitles":["AppRoutes smoke"],"fullName":"AppRoutes smoke renders main content area at /admin (T-FE-03)","status":"passed","title":"renders main content area at /admin (T-FE-03)","duration":120.37980000000243,"failureMessages":[],"meta":{}},{"ancestorTitles":["AppRoutes smoke"],"fullName":"AppRoutes smoke redirects /admin home to default dashboards list (T-FE-04)","status":"passed","title":"redirects /admin home to default dashboards list (T-FE-04)","duration":260.6290000000008,"failureMessages":[],"meta":{}},{"ancestorTitles":["AppRoutes smoke"],"fullName":"AppRoutes smoke redirects unknown paths to admin shell (T-FE-05)","status":"passed","title":"redirects unknown paths to admin shell (T-FE-05)","duration":90.07900000000154,"failureMessages":[],"meta":{}},{"ancestorTitles":["AppRoutes smoke"],"fullName":"AppRoutes smoke renders datasource nav link pointing to /admin/datasources (T-FE-08)","status":"passed","title":"renders datasource nav link pointing to /admin/datasources (T-FE-08)","duration":321.21440000000075,"failureMessages":[],"meta":{}},{"ancestorTitles":["AppRoutes smoke"],"fullName":"AppRoutes smoke shows 鍚屾浠诲姟 nav link under 鏁版嵁杩炴帴 (T-FE-19)","status":"passed","title":"shows 鍚屾浠诲姟 nav link under 鏁版嵁杩炴帴 (T-FE-19)","duration":274.0232999999971,"failureMessages":[],"meta":{}},{"ancestorTitles":["AppRoutes smoke"],"fullName":"AppRoutes smoke redirects AdminHome to dashboards h1 after resolve (T-FE-09)","status":"passed","title":"redirects AdminHome to dashboards h1 after resolve (T-FE-09)","duration":164.61469999999827,"failureMessages":[],"meta":{}},{"ancestorTitles":["AppRoutes smoke"],"fullName":"AppRoutes smoke renders sync-jobs history nested route (T-FE-ING-01)","status":"passed","title":"renders sync-jobs history nested route (T-FE-ING-01)","duration":67.04980000000069,"failureMessages":[],"meta":{}},{"ancestorTitles":["AppRoutes smoke"],"fullName":"AppRoutes smoke renders sync-jobs etl-rules nested route (T-FE-ING-02)","status":"passed","title":"renders sync-jobs etl-rules nested route (T-FE-ING-02)","duration":200.31830000000264,"failureMessages":[],"meta":{}},{"ancestorTitles":["AppRoutes smoke"],"fullName":"AppRoutes smoke renders sync-jobs edit nested route (T-FE-ING-03)","status":"passed","title":"renders sync-jobs edit nested route (T-FE-ING-03)","duration":148.14480000000185,"failureMessages":[],"meta":{}},{"ancestorTitles":["AppRoutes smoke"],"fullName":"AppRoutes smoke renders admin shell at mobile 375px (T-FE-23)","status":"passed","title":"renders admin shell at mobile 375px (T-FE-23)","duration":109.93799999999828,"failureMessages":[],"meta":{}},{"ancestorTitles":["AppRoutes smoke"],"fullName":"AppRoutes smoke admin shell tab smoke at /admin (T-FE-27)","status":"passed","title":"admin shell tab smoke at /admin (T-FE-27)","duration":413.9210000000021,"failureMessages":[],"meta":{}},{"ancestorTitles":["AppRoutes smoke"],"fullName":"AppRoutes smoke keeps admin shell for unknown /admin/* path without API leak (T-FE-28)","status":"passed","title":"keeps admin shell for unknown /admin/* path without API leak (T-FE-28)","duration":79.41749999999956,"failureMessages":[],"meta":{}},{"ancestorTitles":["AppRoutes smoke"],"fullName":"AppRoutes smoke nested unknown ingestion path stays inside AdminLayout (T-FE-29)","status":"passed","title":"nested unknown ingestion path stays inside AdminLayout (T-FE-29)","duration":87.66349999999875,"failureMessages":[],"meta":{}},{"ancestorTitles":["AppRoutes smoke"],"fullName":"AppRoutes smoke renders dashboards list route (T-DASH-R28-002-04)","status":"passed","title":"renders dashboards list route (T-DASH-R28-002-04)","duration":112.31650000000081,"failureMessages":[],"meta":{}},{"ancestorTitles":["AppRoutes smoke"],"fullName":"AppRoutes smoke renders login page with submit button (M-FE-1)","status":"passed","title":"renders login page with submit button (M-FE-1)","duration":40.30870000000141,"failureMessages":[],"meta":{}},{"ancestorTitles":["AppRoutes smoke"],"fullName":"AppRoutes smoke redirects legacy /admin/connectors to datasources list","status":"passed","title":"redirects legacy /admin/connectors to datasources list","duration":179.5038999999997,"failureMessages":[],"meta":{}},{"ancestorTitles":["AppRoutes smoke"],"fullName":"AppRoutes smoke T-RT-GRANTS-01: /admin/system/grants route renders 璧勬簮鎺堟潈 heading","status":"passed","title":"T-RT-GRANTS-01: /admin/system/grants route renders 璧勬簮鎺堟潈 heading","duration":131.84250000000247,"failureMessages":[],"meta":{}},{"ancestorTitles":["AppRoutes smoke"],"fullName":"AppRoutes smoke M1 nav links have valid non-empty hrefs (T-RT-DL-01)","status":"passed","title":"M1 nav links have valid non-empty hrefs (T-RT-DL-01)","duration":183.76020000000062,"failureMessages":[],"meta":{}},{"ancestorTitles":["AppRoutes smoke"],"fullName":"AppRoutes smoke T-NAV-01: dashboards and datasources routes both keep admin shell mounted","status":"passed","title":"T-NAV-01: dashboards and datasources routes both keep admin shell mounted","duration":319.7641000000003,"failureMessages":[],"meta":{}}],"startTime":1784275716659,"endTime":1784275720542.7642,"status":"passed","message":"","name":"C:/Users/30381/Desktop/VitalSpan/fe/src/routes.smoke.test.tsx"},{"assertionResults":[{"ancestorTitles":["ThemeProvider smoke"],"fullName":"ThemeProvider smoke falls back to light when localStorage.theme is invalid (T-FE-30)","status":"failed","title":"falls back to light when localStorage.theme is invalid (T-FE-30)","duration":41.97029999999995,"failureMessages":["ReferenceError: vi is not defined\n    at C:\\Users\\30381\\Desktop\\VitalSpan\\fe\\src\\theme-context.smoke.test.tsx:28:5\n    at file:///C:/Users/30381/Desktop/VitalSpan/fe/node_modules/.pnpm/@vitest+runner@3.2.6/node_modules/@vitest/runner/dist/chunk-hooks.js:155:11\n    at file:///C:/Users/30381/Desktop/VitalSpan/fe/node_modules/.pnpm/@vitest+runner@3.2.6/node_modules/@vitest/runner/dist/chunk-hooks.js:752:26\n    at file:///C:/Users/30381/Desktop/VitalSpan/fe/node_modules/.pnpm/@vitest+runner@3.2.6/node_modules/@vitest/runner/dist/chunk-hooks.js:1897:20\n    at new Promise (<anonymous>)\n    at runWithTimeout (file:///C:/Users/30381/Desktop/VitalSpan/fe/node_modules/.pnpm/@vitest+runner@3.2.6/node_modules/@vitest/runner/dist/chunk-hooks.js:1863:10)\n    at runTest (file:///C:/Users/30381/Desktop/VitalSpan/fe/node_modules/.pnpm/@vitest+runner@3.2.6/node_modules/@vitest/runner/dist/chunk-hooks.js:1574:12)\n    at processTicksAndRejections (node:internal/process/task_queues:104:5)\n    at runSuite (file:///C:/Users/30381/Desktop/VitalSpan/fe/node_modules/.pnpm/@vitest+runner@3.2.6/node_modules/@vitest/runner/dist/chunk-hooks.js:1729:8)\n    at runSuite (file:///C:/Users/30381/Desktop/VitalSpan/fe/node_modules/.pnpm/@vitest+runner@3.2.6/node_modules/@vitest/runner/dist/chunk-hooks.js:1729:8)"],"meta":{}},{"ancestorTitles":["ThemeProvider smoke"],"fullName":"ThemeProvider smoke defaults to light when localStorage.theme is missing (T-FE-31)","status":"failed","title":"defaults to light when localStorage.theme is missing (T-FE-31)","duration":5.799600000000282,"failureMessages":["ReferenceError: vi is not defined\n    at C:\\Users\\30381\\Desktop\\VitalSpan\\fe\\src\\theme-context.smoke.test.tsx:40:5\n    at file:///C:/Users/30381/Desktop/VitalSpan/fe/node_modules/.pnpm/@vitest+runner@3.2.6/node_modules/@vitest/runner/dist/chunk-hooks.js:155:11\n    at file:///C:/Users/30381/Desktop/VitalSpan/fe/node_modules/.pnpm/@vitest+runner@3.2.6/node_modules/@vitest/runner/dist/chunk-hooks.js:752:26\n    at file:///C:/Users/30381/Desktop/VitalSpan/fe/node_modules/.pnpm/@vitest+runner@3.2.6/node_modules/@vitest/runner/dist/chunk-hooks.js:1897:20\n    at new Promise (<anonymous>)\n    at runWithTimeout (file:///C:/Users/30381/Desktop/VitalSpan/fe/node_modules/.pnpm/@vitest+runner@3.2.6/node_modules/@vitest/runner/dist/chunk-hooks.js:1863:10)\n    at runTest (file:///C:/Users/30381/Desktop/VitalSpan/fe/node_modules/.pnpm/@vitest+runner@3.2.6/node_modules/@vitest/runner/dist/chunk-hooks.js:1574:12)\n    at processTicksAndRejections (node:internal/process/task_queues:104:5)\n    at runSuite (file:///C:/Users/30381/Desktop/VitalSpan/fe/node_modules/.pnpm/@vitest+runner@3.2.6/node_modules/@vitest/runner/dist/chunk-hooks.js:1729:8)\n    at runSuite (file:///C:/Users/30381/Desktop/VitalSpan/fe/node_modules/.pnpm/@vitest+runner@3.2.6/node_modules/@vitest/runner/dist/chunk-hooks.js:1729:8)"],"meta":{}}],"startTime":1784275697742,"endTime":1784275697789.7996,"status":"failed","message":"","name":"C:/Users/30381/Desktop/VitalSpan/fe/src/theme-context.smoke.test.tsx"},{"assertionResults":[{"ancestorTitles":["vite.config smoke"],"fullName":"vite.config smoke proxies /api to backend dev server (T-FE-18)","status":"passed","title":"proxies /api to backend dev server (T-FE-18)","duration":1.2510999999999513,"failureMessages":[],"meta":{}},{"ancestorTitles":["vite.config smoke"],"fullName":"vite.config smoke includes vitest jsdom environment (T-FE-18b)","status":"passed","title":"includes vitest jsdom environment (T-FE-18b)","duration":0.3851999999997133,"failureMessages":[],"meta":{}}],"startTime":1784275763020,"endTime":1784275763021.3853,"status":"passed","message":"","name":"C:/Users/30381/Desktop/VitalSpan/fe/src/vite-config.smoke.test.ts"},{"assertionResults":[{"ancestorTitles":["useLayoutHistory"],"fullName":"useLayoutHistory step back and step forward traverse edit history","status":"passed","title":"step back and step forward traverse edit history","duration":28.297799999999825,"failureMessages":[],"meta":{}}],"startTime":1784275743903,"endTime":1784275743931.2979,"status":"passed","message":"","name":"C:/Users/30381/Desktop/VitalSpan/fe/src/hooks/useLayoutHistory.test.ts"},{"assertionResults":[{"ancestorTitles":["usePixelShapeLiveResize scope"],"fullName":"usePixelShapeLiveResize scope only listens while shape is playing","status":"passed","title":"only listens while shape is playing","duration":32.30619999999999,"failureMessages":[],"meta":{}}],"startTime":1784275743405,"endTime":1784275743437.3062,"status":"passed","message":"","name":"C:/Users/30381/Desktop/VitalSpan/fe/src/hooks/usePixelShapeLiveResize.test.tsx"},{"assertionResults":[{"ancestorTitles":["AdminLayout smoke"],"fullName":"AdminLayout smoke mounts sidebar navigation and main content (T-FE-06)","status":"passed","title":"mounts sidebar navigation and main content (T-FE-06)","duration":299.7433999999994,"failureMessages":[],"meta":{}},{"ancestorTitles":["AdminLayout smoke"],"fullName":"AdminLayout smoke mounts theme toggle in header actions (T-FE-07)","status":"passed","title":"mounts theme toggle in header actions (T-FE-07)","duration":166.74039999999968,"failureMessages":[],"meta":{}},{"ancestorTitles":["AdminLayout smoke"],"fullName":"AdminLayout smoke renders mobile menu button with accessible label (T-FE-10)","status":"passed","title":"renders mobile menu button with accessible label (T-FE-10)","duration":157.7529000000004,"failureMessages":[],"meta":{}},{"ancestorTitles":["AdminLayout smoke"],"fullName":"AdminLayout smoke toggles dark class on theme button click (T-FE-15)","status":"passed","title":"toggles dark class on theme button click (T-FE-15)","duration":146.6277,"failureMessages":[],"meta":{}},{"ancestorTitles":["AdminLayout smoke"],"fullName":"AdminLayout smoke main content area uses max-w breakpoint contract (T-FE-16)","status":"passed","title":"main content area uses max-w breakpoint contract (T-FE-16)","duration":87.17559999999958,"failureMessages":[],"meta":{}},{"ancestorTitles":["AdminLayout smoke"],"fullName":"AdminLayout smoke dashboard edit route uses fill-height main (no page scroll flicker)","status":"passed","title":"dashboard edit route uses fill-height main (no page scroll flicker)","duration":100.07300000000032,"failureMessages":[],"meta":{}},{"ancestorTitles":["AdminLayout smoke"],"fullName":"AdminLayout smoke T-NAV-02: dashboard edit 鈫?list keeps AdminLayout mounted (useMatch hooks stable)","status":"passed","title":"T-NAV-02: dashboard edit 鈫?list keeps AdminLayout mounted (useMatch hooks stable)","duration":231.39999999999964,"failureMessages":[],"meta":{}},{"ancestorTitles":["AdminLayout smoke"],"fullName":"AdminLayout smoke shows mobile backdrop when menu opens at 375px (T-FE-20)","status":"passed","title":"shows mobile backdrop when menu opens at 375px (T-FE-20)","duration":142.6858999999995,"failureMessages":[],"meta":{}},{"ancestorTitles":["AdminLayout smoke"],"fullName":"AdminLayout smoke toggles desktop sidebar margin between 240px and 90px (T-FE-21)","status":"passed","title":"toggles desktop sidebar margin between 240px and 90px (T-FE-21)","duration":180.95470000000023,"failureMessages":[],"meta":{}},{"ancestorTitles":["AdminLayout smoke"],"fullName":"AdminLayout smoke main and navigation token contract (T-FE-22)","status":"passed","title":"main and navigation token contract (T-FE-22)","duration":78.99200000000019,"failureMessages":[],"meta":{}},{"ancestorTitles":["AdminLayout smoke"],"fullName":"AdminLayout smoke desktop tab focus order: menu button then theme toggle (T-FE-24)","status":"passed","title":"desktop tab focus order: menu button then theme toggle (T-FE-24)","duration":532.2518,"failureMessages":[],"meta":{}},{"ancestorTitles":["AdminLayout smoke"],"fullName":"AdminLayout smoke mobile tab reaches menu button at 375px (T-FE-25)","status":"passed","title":"mobile tab reaches menu button at 375px (T-FE-25)","duration":109.58010000000013,"failureMessages":[],"meta":{}},{"ancestorTitles":["AdminLayout smoke"],"fullName":"AdminLayout smoke mobile menu open tab does not trap focus (T-FE-26)","status":"passed","title":"mobile menu open tab does not trap focus (T-FE-26)","duration":223.2483000000002,"failureMessages":[],"meta":{}},{"ancestorTitles":["AdminLayout smoke"],"fullName":"AdminLayout smoke shows return to workspace in user menu on account pages (T-FE-32)","status":"passed","title":"shows return to workspace in user menu on account pages (T-FE-32)","duration":709.2548999999999,"failureMessages":[],"meta":{}},{"ancestorTitles":["AdminLayout smoke"],"fullName":"AdminLayout smoke admin sidebar has 鎶ヨ〃 collapsible that expands to show sub-items (T-FE-SMFA-01)","status":"passed","title":"admin sidebar has 鎶ヨ〃 collapsible that expands to show sub-items (T-FE-SMFA-01)","duration":202.80029999999988,"failureMessages":[],"meta":{}},{"ancestorTitles":["AdminLayout smoke"],"fullName":"AdminLayout smoke T-FE-SMFA-05: hover expands collapsed nav group without click","status":"passed","title":"T-FE-SMFA-05: hover expands collapsed nav group without click","duration":167.8776000000007,"failureMessages":[],"meta":{}},{"ancestorTitles":["AdminLayout smoke"],"fullName":"AdminLayout smoke admin sidebar 鏁版嵁杩炴帴 links to datasources (T-FE-SMFA-02)","status":"passed","title":"admin sidebar 鏁版嵁杩炴帴 links to datasources (T-FE-SMFA-02)","duration":161.60660000000098,"failureMessages":[],"meta":{}},{"ancestorTitles":["AdminLayout smoke"],"fullName":"AdminLayout smoke admin sidebar has no 棰勮 badge after M13 GA (T-FE-SMFA-03)","status":"passed","title":"admin sidebar has no 棰勮 badge after M13 GA (T-FE-SMFA-03)","duration":67.15289999999914,"failureMessages":[],"meta":{}},{"ancestorTitles":["AdminLayout smoke"],"fullName":"AdminLayout smoke viewer role: sidebar has no 绯荤粺 or 鏁版嵁 section headings (T-FE-SMFA-04)","status":"passed","title":"viewer role: sidebar has no 绯荤粺 or 鏁版嵁 section headings (T-FE-SMFA-04)","duration":38.94340000000011,"failureMessages":[],"meta":{}},{"ancestorTitles":["AdminLayout smoke"],"fullName":"AdminLayout smoke T-FE-SMFB-01: system admin sidebar has 璧勬簮鎺堟潈 link","status":"passed","title":"T-FE-SMFB-01: system admin sidebar has 璧勬簮鎺堟潈 link","duration":120.10210000000006,"failureMessages":[],"meta":{}},{"ancestorTitles":["AdminLayout smoke"],"fullName":"AdminLayout smoke T-FE-SMFB-01b: main workspace sidebar has no 绯荤粺 heading","status":"passed","title":"T-FE-SMFB-01b: main workspace sidebar has no 绯荤粺 heading","duration":70.41899999999987,"failureMessages":[],"meta":{}},{"ancestorTitles":["AdminLayout smoke"],"fullName":"AdminLayout smoke T-FE-SMFB-02: viewer sidebar has no 璧勬簮鎺堟潈 text","status":"passed","title":"T-FE-SMFB-02: viewer sidebar has no 璧勬簮鎺堟潈 text","duration":37.08600000000115,"failureMessages":[],"meta":{}},{"ancestorTitles":["AdminLayout smoke"],"fullName":"AdminLayout smoke T-FE-SMFB-03: admin still has 鎶ヨ〃 subItems (no regression T-FE-SMFA-01)","status":"passed","title":"T-FE-SMFB-03: admin still has 鎶ヨ〃 subItems (no regression T-FE-SMFA-01)","duration":159.69620000000032,"failureMessages":[],"meta":{}},{"ancestorTitles":["AdminLayout smoke"],"fullName":"AdminLayout smoke T-NAV-FC-04: analyst sidebar has no 瀹炰綋鎬昏 or 杩炴帴绠＄悊","status":"passed","title":"T-NAV-FC-04: analyst sidebar has no 瀹炰綋鎬昏 or 杩炴帴绠＄悊","duration":30.934900000000198,"failureMessages":[],"meta":{}},{"ancestorTitles":["AdminLayout smoke"],"fullName":"AdminLayout smoke T-DESIGN-FC-01-smoke: admin sees 娌荤悊涓撶敤 badge on designer link","status":"passed","title":"T-DESIGN-FC-01-smoke: admin sees 娌荤悊涓撶敤 badge on designer link","duration":94.71010000000024,"failureMessages":[],"meta":{}}],"startTime":1784275701777,"endTime":1784275706095.7102,"status":"passed","message":"","name":"C:/Users/30381/Desktop/VitalSpan/fe/src/layouts/AdminLayout.smoke.test.tsx"},{"assertionResults":[{"ancestorTitles":["isAdminListFillRoute"],"fullName":"isAdminListFillRoute matches paginated list routes","status":"passed","title":"matches paginated list routes","duration":2.1752000000001317,"failureMessages":[],"meta":{}},{"ancestorTitles":["isAdminListFillRoute"],"fullName":"isAdminListFillRoute does not match edit or detail routes","status":"passed","title":"does not match edit or detail routes","duration":0.4964000000004489,"failureMessages":[],"meta":{}}],"startTime":1784275762166,"endTime":1784275762168.4963,"status":"passed","message":"","name":"C:/Users/30381/Desktop/VitalSpan/fe/src/lib/admin-layout-routes.test.ts"},{"assertionResults":[{"ancestorTitles":["apiFetch 401 classification"],"fullName":"apiFetch 401 classification fails closed by default and reports an expired session","status":"passed","title":"fails closed by default and reports an expired session","duration":11.159499999999753,"failureMessages":[],"meta":{}},{"ancestorTitles":["apiFetch 401 classification"],"fullName":"apiFetch 401 classification preserves the session for an exact allowlisted string code","status":"passed","title":"preserves the session for an exact allowlisted string code","duration":2.649399999999787,"failureMessages":[],"meta":{}},{"ancestorTitles":["apiFetch 401 classification"],"fullName":"apiFetch 401 classification fails closed when the returned code is not allowlisted","status":"passed","title":"fails closed when the returned code is not allowlisted","duration":1.3780000000001564,"failureMessages":[],"meta":{}},{"ancestorTitles":["apiFetch 401 classification"],"fullName":"apiFetch 401 classification fails closed for a 401 with empty body","status":"passed","title":"fails closed for a 401 with empty body","duration":1.0747999999998683,"failureMessages":[],"meta":{}},{"ancestorTitles":["apiFetch 401 classification"],"fullName":"apiFetch 401 classification fails closed for a 401 with invalid JSON","status":"passed","title":"fails closed for a 401 with invalid JSON","duration":1.1975999999999658,"failureMessages":[],"meta":{}},{"ancestorTitles":["apiFetch 401 classification"],"fullName":"apiFetch 401 classification fails closed for a 401 with numeric code","status":"passed","title":"fails closed for a 401 with numeric code","duration":1.2483000000001994,"failureMessages":[],"meta":{}},{"ancestorTitles":["apiFetch 401 classification"],"fullName":"apiFetch 401 classification fails closed for a 401 with array code","status":"passed","title":"fails closed for a 401 with array code","duration":1.0054000000000087,"failureMessages":[],"meta":{}},{"ancestorTitles":["apiFetch 401 classification"],"fullName":"apiFetch 401 classification fails closed for a 401 with object code","status":"passed","title":"fails closed for a 401 with object code","duration":0.9591000000000349,"failureMessages":[],"meta":{}},{"ancestorTitles":["apiFetch 401 classification"],"fullName":"apiFetch 401 classification fails closed for a 401 with missing code","status":"passed","title":"fails closed for a 401 with missing code","duration":1.0787999999997737,"failureMessages":[],"meta":{}},{"ancestorTitles":["apiFetch 401 classification"],"fullName":"apiFetch 401 classification fails closed for a 401 with missing message","status":"passed","title":"fails closed for a 401 with missing message","duration":1.2186999999998989,"failureMessages":[],"meta":{}},{"ancestorTitles":["apiFetch 401 classification"],"fullName":"apiFetch 401 classification keeps the existing error body behavior for non-401 responses","status":"passed","title":"keeps the existing error body behavior for non-401 responses","duration":1.4100000000003092,"failureMessages":[],"meta":{}},{"ancestorTitles":["apiFetch 401 classification"],"fullName":"apiFetch 401 classification does not let an older unsubscribe remove a newer handler","status":"passed","title":"does not let an older unsubscribe remove a newer handler","duration":1.0162000000000262,"failureMessages":[],"meta":{}},{"ancestorTitles":["apiFetch 401 classification"],"fullName":"apiFetch 401 classification reset removes every previously registered handler without disabling token clearing","status":"passed","title":"reset removes every previously registered handler without disabling token clearing","duration":0.8363000000003922,"failureMessages":[],"meta":{}},{"ancestorTitles":["apiFetch 401 classification"],"fullName":"apiFetch 401 classification does not pass apiFetch-only options to native fetch","status":"passed","title":"does not pass apiFetch-only options to native fetch","duration":1.5723000000002685,"failureMessages":[],"meta":{}}],"startTime":1784275742620,"endTime":1784275742647.5723,"status":"passed","message":"","name":"C:/Users/30381/Desktop/VitalSpan/fe/src/lib/api.test.ts"},{"assertionResults":[{"ancestorTitles":["browserCompat"],"fullName":"browserCompat marks IE UA unsupported","status":"passed","title":"marks IE UA unsupported","duration":1.3398999999999432,"failureMessages":[],"meta":{}},{"ancestorTitles":["browserCompat"],"fullName":"browserCompat marks modern UA supported","status":"passed","title":"marks modern UA supported","duration":0.2199000000000524,"failureMessages":[],"meta":{}}],"startTime":1784275763850,"endTime":1784275763852.22,"status":"passed","message":"","name":"C:/Users/30381/Desktop/VitalSpan/fe/src/lib/browserCompat.test.ts"},{"assertionResults":[{"ancestorTitles":["buildChartRenderModel"],"fullName":"buildChartRenderModel returns field-level error when dimension column is missing","status":"passed","title":"returns field-level error when dimension column is missing","duration":3.2213999999999032,"failureMessages":[],"meta":{}},{"ancestorTitles":["buildChartRenderModel"],"fullName":"buildChartRenderModel returns ready for valid bar config","status":"passed","title":"returns ready for valid bar config","duration":0.5058999999996558,"failureMessages":[],"meta":{}},{"ancestorTitles":["buildChartRenderModel"],"fullName":"buildChartRenderModel returns ready for valid pie config","status":"passed","title":"returns ready for valid pie config","duration":0.3915999999999258,"failureMessages":[],"meta":{}},{"ancestorTitles":["buildChartRenderModel"],"fullName":"buildChartRenderModel allows map with numeric region_id and relies on canvas hint","status":"passed","title":"allows map with numeric region_id and relies on canvas hint","duration":0.2988000000000284,"failureMessages":[],"meta":{}},{"ancestorTitles":["buildChartRenderModel"],"fullName":"buildChartRenderModel returns ready for funnel without misrouting to bar","status":"passed","title":"returns ready for funnel without misrouting to bar","duration":0.3023000000002867,"failureMessages":[],"meta":{}}],"startTime":1784275753951,"endTime":1784275753956.3022,"status":"passed","message":"","name":"C:/Users/30381/Desktop/VitalSpan/fe/src/lib/buildChartRenderModel.test.ts"},{"assertionResults":[{"ancestorTitles":["chartConfigState"],"fullName":"chartConfigState aligns widget ready with execute ready for dataset mode","status":"passed","title":"aligns widget ready with execute ready for dataset mode","duration":2.670799999999872,"failureMessages":[],"meta":{}},{"ancestorTitles":["chartConfigState"],"fullName":"chartConfigState requires configId for dataset binding ready","status":"passed","title":"requires configId for dataset binding ready","duration":0.40709999999944557,"failureMessages":[],"meta":{}},{"ancestorTitles":["chartConfigState"],"fullName":"chartConfigState reconcile strips fields absent from columns","status":"passed","title":"reconcile strips fields absent from columns","duration":1.2803000000003522,"failureMessages":[],"meta":{}},{"ancestorTitles":["chartConfigState"],"fullName":"chartConfigState line chart is renderReady with category + metric only (optional slots empty)","status":"passed","title":"line chart is renderReady with category + metric only (optional slots empty)","duration":0.3150999999998021,"failureMessages":[],"meta":{}}],"startTime":1784275757847,"endTime":1784275757852.3152,"status":"passed","message":"","name":"C:/Users/30381/Desktop/VitalSpan/fe/src/lib/chartConfigState.test.ts"},{"assertionResults":[{"ancestorTitles":["chartDeDisplay"],"fullName":"chartDeDisplay T-DE-DISP-01: reads defaults when nativeBody missing","status":"passed","title":"T-DE-DISP-01: reads defaults when nativeBody missing","duration":2.198899999999867,"failureMessages":[],"meta":{}},{"ancestorTitles":["chartDeDisplay"],"fullName":"chartDeDisplay T-DE-DISP-02: patch merges deDisplay","status":"passed","title":"T-DE-DISP-02: patch merges deDisplay","duration":0.5970999999999549,"failureMessages":[],"meta":{}},{"ancestorTitles":["chartDeDisplay"],"fullName":"chartDeDisplay T-DE-DISP-03: parses preset and custom refresh intervals","status":"passed","title":"T-DE-DISP-03: parses preset and custom refresh intervals","duration":0.5474999999996726,"failureMessages":[],"meta":{}},{"ancestorTitles":["chartDeDisplay"],"fullName":"chartDeDisplay T-DE-DISP-04: custom refresh supports minute parts","status":"passed","title":"T-DE-DISP-04: custom refresh supports minute parts","duration":0.5652999999997519,"failureMessages":[],"meta":{}}],"startTime":1784275755979,"endTime":1784275755982.5652,"status":"passed","message":"","name":"C:/Users/30381/Desktop/VitalSpan/fe/src/lib/chartDeDisplay.test.ts"},{"assertionResults":[{"ancestorTitles":["chartDeFeatures"],"fullName":"chartDeFeatures patches mark lines into nativeBody.deFeatures","status":"passed","title":"patches mark lines into nativeBody.deFeatures","duration":2.7365999999997257,"failureMessages":[],"meta":{}},{"ancestorTitles":["chartDeFeatures"],"fullName":"chartDeFeatures applyMarkLinesToEchartsOption adds markLine to first series","status":"passed","title":"applyMarkLinesToEchartsOption adds markLine to first series","duration":0.7226999999998043,"failureMessages":[],"meta":{}},{"ancestorTitles":["chartDeFeatures"],"fullName":"chartDeFeatures applyConditionalRulesToEchartsOption colors matching bars","status":"passed","title":"applyConditionalRulesToEchartsOption colors matching bars","duration":0.8083999999998923,"failureMessages":[],"meta":{}},{"ancestorTitles":["chartDeFeatures"],"fullName":"chartDeFeatures resolveChartJumpHref supports dashboard and url modes","status":"passed","title":"resolveChartJumpHref supports dashboard and url modes","duration":0.5542000000000371,"failureMessages":[],"meta":{}}],"startTime":1784275755974,"endTime":1784275755978.5542,"status":"passed","message":"","name":"C:/Users/30381/Desktop/VitalSpan/fe/src/lib/chartDeFeatures.test.ts"},{"assertionResults":[{"ancestorTitles":["widgetStyleToContentCss"],"fullName":"widgetStyleToContentCss applies individual padding and unified radius","status":"passed","title":"applies individual padding and unified radius","duration":2.5466999999998734,"failureMessages":[],"meta":{}},{"ancestorTitles":["widgetStyleToContentCss"],"fullName":"widgetStyleToContentCss applies backdrop blur and background-only opacity","status":"passed","title":"applies backdrop blur and background-only opacity","duration":1.2529999999997017,"failureMessages":[],"meta":{}},{"ancestorTitles":["widgetStyleToContentCss"],"fullName":"widgetStyleToContentCss keeps custom background color when enabling backdrop blur","status":"passed","title":"keeps custom background color when enabling backdrop blur","duration":0.49710000000004584,"failureMessages":[],"meta":{}},{"ancestorTitles":["widgetStyleToContentCss"],"fullName":"widgetStyleToContentCss keeps background image when blur toggles from zero to non-zero","status":"passed","title":"keeps background image when blur toggles from zero to non-zero","duration":0.3568000000000211,"failureMessages":[],"meta":{}},{"ancestorTitles":["widgetStyleToContentCss"],"fullName":"widgetStyleToContentCss uses backdrop blur for frosted glass without background image","status":"passed","title":"uses backdrop blur for frosted glass without background image","duration":0.5223000000000866,"failureMessages":[],"meta":{}},{"ancestorTitles":["mergeChartTitleStyle"],"fullName":"mergeChartTitleStyle uses dashboard titleStyle when chart has no presentation override","status":"passed","title":"uses dashboard titleStyle when chart has no presentation override","duration":1.1483000000002903,"failureMessages":[],"meta":{}},{"ancestorTitles":["mergeChartTitleStyle"],"fullName":"mergeChartTitleStyle chart deStyle.title still overrides dashboard titleStyle","status":"passed","title":"chart deStyle.title still overrides dashboard titleStyle","duration":0.44840000000021973,"failureMessages":[],"meta":{}},{"ancestorTitles":["stripChartTitleOverrides"],"fullName":"stripChartTitleOverrides removes entire title block","status":"passed","title":"removes entire title block","duration":0.34380000000010114,"failureMessages":[],"meta":{}},{"ancestorTitles":["readChartLegendPosition"],"fullName":"readChartLegendPosition defaults to bottom when unset","status":"passed","title":"defaults to bottom when unset","duration":0.3830000000002656,"failureMessages":[],"meta":{}},{"ancestorTitles":["readChartLegendVisible"],"fullName":"readChartLegendVisible defaults visible in embedded widgets until explicitly disabled","status":"passed","title":"defaults visible in embedded widgets until explicitly disabled","duration":0.3088999999999942,"failureMessages":[],"meta":{}},{"ancestorTitles":["readChartLegendVisible"],"fullName":"readChartLegendVisible defaults visible in full-size preview","status":"passed","title":"defaults visible in full-size preview","duration":0.1354999999998654,"failureMessages":[],"meta":{}},{"ancestorTitles":["readChartTitleVisible"],"fullName":"readChartTitleVisible falls back to global titleStyle.show","status":"passed","title":"falls back to global titleStyle.show","duration":0.20839999999998327,"failureMessages":[],"meta":{}},{"ancestorTitles":["syncChartWidgetsForDashboardTitleStyle"],"fullName":"syncChartWidgetsForDashboardTitleStyle clears per-chart title presentation on all chart widgets","status":"passed","title":"clears per-chart title presentation on all chart widgets","duration":0.4641999999998916,"failureMessages":[],"meta":{}},{"ancestorTitles":["dashboard widget style sync"],"fullName":"dashboard widget style sync inferWidgetSyncScopes maps patch keys to scopes","status":"passed","title":"inferWidgetSyncScopes maps patch keys to scopes","duration":0.5414000000000669,"failureMessages":[],"meta":{}},{"ancestorTitles":["dashboard widget style sync"],"fullName":"dashboard widget style sync syncChartWidgetsForDashboardScopes clears matching overrides","status":"passed","title":"syncChartWidgetsForDashboardScopes clears matching overrides","duration":0.6948999999999614,"failureMessages":[],"meta":{}},{"ancestorTitles":["dashboard widget style sync"],"fullName":"dashboard widget style sync stripChartPaletteOverrides clears label and tooltip palette fields","status":"passed","title":"stripChartPaletteOverrides clears label and tooltip palette fields","duration":0.37469999999984793,"failureMessages":[],"meta":{}},{"ancestorTitles":["dashboard widget style sync"],"fullName":"dashboard widget style sync strip helpers are no-ops when override absent","status":"passed","title":"strip helpers are no-ops when override absent","duration":0.24650000000019645,"failureMessages":[],"meta":{}},{"ancestorTitles":["patchChartLabelStyle"],"fullName":"patchChartLabelStyle auto-enables showLabel when setting label color","status":"passed","title":"auto-enables showLabel when setting label color","duration":0.28290000000015425,"failureMessages":[],"meta":{}},{"ancestorTitles":["patchChartLabelStyle"],"fullName":"patchChartLabelStyle does not toggle showLabel when only fontSize changes","status":"passed","title":"does not toggle showLabel when only fontSize changes","duration":0.16820000000006985,"failureMessages":[],"meta":{}},{"ancestorTitles":["readChartShowLabel"],"fullName":"readChartShowLabel prefers explicit label.show over deFeatures.showLabel","status":"passed","title":"prefers explicit label.show over deFeatures.showLabel","duration":0.13779999999997017,"failureMessages":[],"meta":{}},{"ancestorTitles":["resolveChartLabelDisplayColor"],"fullName":"resolveChartLabelDisplayColor falls back to dashboard style then theme token","status":"passed","title":"falls back to dashboard style then theme token","duration":0.25289999999995416,"failureMessages":[],"meta":{}},{"ancestorTitles":["resolveWidgetShellStyle"],"fullName":"resolveWidgetShellStyle renders decorative frame for non-chart widgets when widgetStyle uses frame mode","status":"passed","title":"renders decorative frame for non-chart widgets when widgetStyle uses frame mode","duration":0.7195999999999003,"failureMessages":[],"meta":{}},{"ancestorTitles":["resolveChartContentShellStyle"],"fullName":"resolveChartContentShellStyle merges per-chart background and border onto shape-inner shell","status":"passed","title":"merges per-chart background and border onto shape-inner shell","duration":0.5481999999997242,"failureMessages":[],"meta":{}},{"ancestorTitles":["mergeShapeInnerPresentation"],"fullName":"mergeShapeInnerPresentation keeps global widget shell on shape-inner and chart inner on shape-content","status":"passed","title":"keeps global widget shell on shape-inner and chart inner on shape-content","duration":0.6900000000000546,"failureMessages":[],"meta":{}},{"ancestorTitles":["mergeShapeInnerPresentation"],"fullName":"mergeShapeInnerPresentation applies global border color onto shape-inner shell","status":"passed","title":"applies global border color onto shape-inner shell","duration":0.35239999999976135,"failureMessages":[],"meta":{}},{"ancestorTitles":["mergeShapeInnerPresentation"],"fullName":"mergeShapeInnerPresentation includes decorative frame overlay on shape-inner shell layers","status":"passed","title":"includes decorative frame overlay on shape-inner shell layers","duration":0.3485000000000582,"failureMessages":[],"meta":{}},{"ancestorTitles":["mergeShapeInnerPresentation"],"fullName":"mergeShapeInnerPresentation keeps shape-inner transparent when frosted glass backdrop layer is active","status":"passed","title":"keeps shape-inner transparent when frosted glass backdrop layer is active","duration":0.3193999999998596,"failureMessages":[],"meta":{}}],"startTime":1784275746546,"endTime":1784275746561.3484,"status":"passed","message":"","name":"C:/Users/30381/Desktop/VitalSpan/fe/src/lib/chartDeStyle.test.ts"},{"assertionResults":[{"ancestorTitles":["chartDeTableStyle parity helpers"],"fullName":"chartDeTableStyle parity helpers resolveTableZebraBg prefers zebraBg over legacy zebraStriped","status":"passed","title":"resolveTableZebraBg prefers zebraBg over legacy zebraStriped","duration":1.935099999999693,"failureMessages":[],"meta":{}},{"ancestorTitles":["chartDeTableStyle parity helpers"],"fullName":"chartDeTableStyle parity helpers mergeChartTableStyle lets chart override dashboard defaults","status":"passed","title":"mergeChartTableStyle lets chart override dashboard defaults","duration":1.0432000000000698,"failureMessages":[],"meta":{}}],"startTime":1784275758618,"endTime":1784275758621.0432,"status":"passed","message":"","name":"C:/Users/30381/Desktop/VitalSpan/fe/src/lib/chartDeTableStyle.test.ts"},{"assertionResults":[{"ancestorTitles":["chartDrill"],"fullName":"chartDrill builds drill chain from active dimensions up to 3 levels","status":"passed","title":"builds drill chain from active dimensions up to 3 levels","duration":3.1046000000001186,"failureMessages":[],"meta":{}},{"ancestorTitles":["chartDrill"],"fullName":"chartDrill filters rows by drill stack","status":"passed","title":"filters rows by drill stack","duration":1.4598000000000866,"failureMessages":[],"meta":{}},{"ancestorTitles":["chartDrill"],"fullName":"chartDrill aggregates by active display field after drill","status":"passed","title":"aggregates by active display field after drill","duration":0.8866000000002714,"failureMessages":[],"meta":{}},{"ancestorTitles":["chartDrill"],"fullName":"chartDrill exposes click field only when deeper drill is available","status":"passed","title":"exposes click field only when deeper drill is available","duration":0.5570000000002437,"failureMessages":[],"meta":{}},{"ancestorTitles":["chartDrill"],"fullName":"chartDrill maps drill stack to filter parameters","status":"passed","title":"maps drill stack to filter parameters","duration":0.3884000000002743,"failureMessages":[],"meta":{}},{"ancestorTitles":["chartDrill"],"fullName":"chartDrill uses first dimension at root level","status":"passed","title":"uses first dimension at root level","duration":0.3251000000000204,"failureMessages":[],"meta":{}}],"startTime":1784275751534,"endTime":1784275751540.3884,"status":"passed","message":"","name":"C:/Users/30381/Desktop/VitalSpan/fe/src/lib/chartDrill.test.ts"},{"assertionResults":[{"ancestorTitles":["mapChartConfigError"],"fullName":"mapChartConfigError maps timeline dimension overflow to Chinese with action hint","status":"passed","title":"maps timeline dimension overflow to Chinese with action hint","duration":2.469600000000355,"failureMessages":[],"meta":{}},{"ancestorTitles":["mapChartConfigError"],"fullName":"mapChartConfigError passes through Chinese backend messages","status":"passed","title":"passes through Chinese backend messages","duration":0.47970000000032087,"failureMessages":[],"meta":{}},{"ancestorTitles":["mapChartConfigError"],"fullName":"mapChartConfigError dedupes identical field errors","status":"passed","title":"dedupes identical field errors","duration":0.3247999999998683,"failureMessages":[],"meta":{}}],"startTime":1784275761582,"endTime":1784275761585.4797,"status":"passed","message":"","name":"C:/Users/30381/Desktop/VitalSpan/fe/src/lib/chartErrors.test.ts"},{"assertionResults":[{"ancestorTitles":["chartExecuteProbe shared execute"],"fullName":"chartExecuteProbe shared execute dedupes concurrent requests with the same binding key","status":"passed","title":"dedupes concurrent requests with the same binding key","duration":3.287300000000414,"failureMessages":[],"meta":{}},{"ancestorTitles":["chartExecuteProbe shared execute"],"fullName":"chartExecuteProbe shared execute keeps binding key stable when only deStyle changes","status":"passed","title":"keeps binding key stable when only deStyle changes","duration":1.0846000000001368,"failureMessages":[],"meta":{}}],"startTime":1784275758863,"endTime":1784275758868.0847,"status":"passed","message":"","name":"C:/Users/30381/Desktop/VitalSpan/fe/src/lib/chartExecuteProbe.test.ts"},{"assertionResults":[{"ancestorTitles":["chartFieldAssignment"],"fullName":"chartFieldAssignment allows sale_date on line category axis and amount on metric axis","status":"passed","title":"allows sale_date on line category axis and amount on metric axis","duration":4.656600000000253,"failureMessages":[],"meta":{}},{"ancestorTitles":["chartFieldAssignment"],"fullName":"chartFieldAssignment rejects metric field in dimension slot","status":"passed","title":"rejects metric field in dimension slot","duration":0.6258000000002539,"failureMessages":[],"meta":{}},{"ancestorTitles":["chartFieldAssignment"],"fullName":"chartFieldAssignment rejects non-date field on timeline dimension","status":"passed","title":"rejects non-date field on timeline dimension","duration":0.503099999999904,"failureMessages":[],"meta":{}},{"ancestorTitles":["chartFieldAssignment"],"fullName":"chartFieldAssignment allows region_id on map geo dimension (demo mysql id mapping)","status":"passed","title":"allows region_id on map geo dimension (demo mysql id mapping)","duration":0.3895999999999731,"failureMessages":[],"meta":{}}],"startTime":1784275751817,"endTime":1784275751823.3896,"status":"passed","message":"","name":"C:/Users/30381/Desktop/VitalSpan/fe/src/lib/chartFieldAssignment.test.ts"},{"assertionResults":[{"ancestorTitles":["chartFontSizes"],"fullName":"chartFontSizes covers 10鈥?4 step 1 and 26鈥?8 even steps","status":"passed","title":"covers 10鈥?4 step 1 and 26鈥?8 even steps","duration":2.9758999999999105,"failureMessages":[],"meta":{}},{"ancestorTitles":["chartFontSizes"],"fullName":"chartFontSizes keeps in-range values without appending","status":"passed","title":"keeps in-range values without appending","duration":1.1599999999998545,"failureMessages":[],"meta":{}},{"ancestorTitles":["chartFontSizes"],"fullName":"chartFontSizes appends legacy values outside the preset list","status":"passed","title":"appends legacy values outside the preset list","duration":0.4159999999997126,"failureMessages":[],"meta":{}}],"startTime":1784275752666,"endTime":1784275752670.416,"status":"passed","message":"","name":"C:/Users/30381/Desktop/VitalSpan/fe/src/lib/chartFontSizes.test.ts"},{"assertionResults":[{"ancestorTitles":["chartFrameBorderPresets"],"fullName":"chartFrameBorderPresets exposes nine frame presets","status":"passed","title":"exposes nine frame presets","duration":3.0703000000003158,"failureMessages":[],"meta":{}},{"ancestorTitles":["chartFrameBorderPresets"],"fullName":"chartFrameBorderPresets builds tinted svg data urls","status":"passed","title":"builds tinted svg data urls","duration":0.8854000000001179,"failureMessages":[],"meta":{}},{"ancestorTitles":["chartFrameBorderPresets"],"fullName":"chartFrameBorderPresets resolves stretch overlay styles","status":"passed","title":"resolves stretch overlay styles","duration":0.411200000000008,"failureMessages":[],"meta":{}},{"ancestorTitles":["widgetStyleToContentCss frame mode"],"fullName":"widgetStyleToContentCss frame mode applies decorative frame overlay when backgroundMode is frame","status":"passed","title":"applies decorative frame overlay when backgroundMode is frame","duration":1.0931000000000495,"failureMessages":[],"meta":{}},{"ancestorTitles":["widgetStyleToContentCss frame mode"],"fullName":"widgetStyleToContentCss frame mode applies background image on overlay layer","status":"passed","title":"applies background image on overlay layer","duration":0.28369999999995343,"failureMessages":[],"meta":{}},{"ancestorTitles":["widgetStyleToContentCss frame mode"],"fullName":"widgetStyleToContentCss frame mode skips visual background when backgroundShow is false","status":"passed","title":"skips visual background when backgroundShow is false","duration":0.2716000000000349,"failureMessages":[],"meta":{}}],"startTime":1784275751898,"endTime":1784275751904.2837,"status":"passed","message":"","name":"C:/Users/30381/Desktop/VitalSpan/fe/src/lib/chartFrameBorderPresets.test.ts"},{"assertionResults":[{"ancestorTitles":["chartInspectorCapabilities"],"fullName":"chartInspectorCapabilities disables legend for table","status":"passed","title":"disables legend for table","duration":1.5397000000002663,"failureMessages":[],"meta":{}},{"ancestorTitles":["chartInspectorCapabilities"],"fullName":"chartInspectorCapabilities enables mark lines and conditional for bar","status":"passed","title":"enables mark lines and conditional for bar","duration":0.32819999999992433,"failureMessages":[],"meta":{}},{"ancestorTitles":["chartInspectorCapabilities"],"fullName":"chartInspectorCapabilities enables legend for graph","status":"passed","title":"enables legend for graph","duration":0.23229999999966822,"failureMessages":[],"meta":{}},{"ancestorTitles":["chartInspectorCapabilities"],"fullName":"chartInspectorCapabilities uses shell legend only for line and bar","status":"passed","title":"uses shell legend only for line and bar","duration":0.28589999999985594,"failureMessages":[],"meta":{}},{"ancestorTitles":["chartInspectorCapabilities"],"fullName":"chartInspectorCapabilities hides advanced tab for kpi without jump/timeRange","status":"passed","title":"hides advanced tab for kpi without jump/timeRange","duration":0.31550000000015643,"failureMessages":[],"meta":{}}],"startTime":1784275762093,"endTime":1784275762096.3154,"status":"passed","message":"","name":"C:/Users/30381/Desktop/VitalSpan/fe/src/lib/chartInspectorCapabilities.test.ts"},{"assertionResults":[{"ancestorTitles":["resolveChartLegendItems"],"fullName":"resolveChartLegendItems extracts funnel stage names","status":"passed","title":"extracts funnel stage names","duration":2.9258999999997286,"failureMessages":[],"meta":{}},{"ancestorTitles":["resolveChartLegendItems"],"fullName":"resolveChartLegendItems extracts multi-series bar names","status":"passed","title":"extracts multi-series bar names","duration":0.46689999999989595,"failureMessages":[],"meta":{}}],"startTime":1784275758982,"endTime":1784275758985.4668,"status":"passed","message":"","name":"C:/Users/30381/Desktop/VitalSpan/fe/src/lib/chartLegendItems.test.ts"},{"assertionResults":[{"ancestorTitles":["chartLegendPresentation"],"fullName":"chartLegendPresentation defaults icon to triangle and size to 6","status":"passed","title":"defaults icon to triangle and size to 6","duration":2.470600000000104,"failureMessages":[],"meta":{}},{"ancestorTitles":["chartLegendPresentation"],"fullName":"chartLegendPresentation infers vertical orient for left/right position","status":"passed","title":"infers vertical orient for left/right position","duration":0.5333999999998014,"failureMessages":[],"meta":{}},{"ancestorTitles":["chartLegendPresentation"],"fullName":"chartLegendPresentation respects explicit orient override","status":"passed","title":"respects explicit orient override","duration":0.28890000000001237,"failureMessages":[],"meta":{}},{"ancestorTitles":["chartLegendPresentation"],"fullName":"chartLegendPresentation forces vertical orient for side legend slots","status":"passed","title":"forces vertical orient for side legend slots","duration":0.2861000000002605,"failureMessages":[],"meta":{}},{"ancestorTitles":["chartLegendPresentation"],"fullName":"chartLegendPresentation derives default h/v align from position","status":"passed","title":"derives default h/v align from position","duration":0.3528999999998632,"failureMessages":[],"meta":{}},{"ancestorTitles":["chartLegendPresentation"],"fullName":"chartLegendPresentation maps DE align to shell position","status":"passed","title":"maps DE align to shell position","duration":0.3708000000001448,"failureMessages":[],"meta":{}}],"startTime":1784275758985,"endTime":1784275758989.3708,"status":"passed","message":"","name":"C:/Users/30381/Desktop/VitalSpan/fe/src/lib/chartLegendPresentation.test.ts"},{"assertionResults":[{"ancestorTitles":["chartPalette"],"fullName":"chartPalette resolveChartColors returns brand preset","status":"passed","title":"resolveChartColors returns brand preset","duration":1.826799999999821,"failureMessages":[],"meta":{}},{"ancestorTitles":["chartPalette"],"fullName":"chartPalette resolveChartColors prefers custom colors","status":"passed","title":"resolveChartColors prefers custom colors","duration":1.1465000000002874,"failureMessages":[],"meta":{}},{"ancestorTitles":["chartPalette"],"fullName":"chartPalette maps legacy tech palette to clarity","status":"passed","title":"maps legacy tech palette to clarity","duration":0.3667000000000371,"failureMessages":[],"meta":{}},{"ancestorTitles":["chartPalette"],"fullName":"chartPalette withChartColorOpacity converts hex to rgba","status":"passed","title":"withChartColorOpacity converts hex to rgba","duration":0.48250000000007276,"failureMessages":[],"meta":{}},{"ancestorTitles":["chartPalette"],"fullName":"chartPalette applyChartColorsOpacity skips full opacity","status":"passed","title":"applyChartColorsOpacity skips full opacity","duration":0.3136999999996988,"failureMessages":[],"meta":{}},{"ancestorTitles":["chartPalette"],"fullName":"chartPalette detects customized palette colors","status":"passed","title":"detects customized palette colors","duration":0.3467999999998028,"failureMessages":[],"meta":{}}],"startTime":1784275755644,"endTime":1784275755648.4824,"status":"passed","message":"","name":"C:/Users/30381/Desktop/VitalSpan/fe/src/lib/chartPalette.test.ts"},{"assertionResults":[{"ancestorTitles":["chartPaletteTaxonomy"],"fullName":"chartPaletteTaxonomy groups fallback catalog into DE-style section labels","status":"passed","title":"groups fallback catalog into DE-style section labels","duration":3.388799999999719,"failureMessages":[],"meta":{}}],"startTime":1784275759383,"endTime":1784275759386.389,"status":"passed","message":"","name":"C:/Users/30381/Desktop/VitalSpan/fe/src/lib/chartPaletteTaxonomy.test.ts"},{"assertionResults":[{"ancestorTitles":["chartRenderSpecKey"],"fullName":"chartRenderSpecKey is stable for equivalent configs","status":"passed","title":"is stable for equivalent configs","duration":2.1777000000001863,"failureMessages":[],"meta":{}},{"ancestorTitles":["chartRenderSpecKey"],"fullName":"chartRenderSpecKey changes when chart type changes","status":"passed","title":"changes when chart type changes","duration":1.2265000000002146,"failureMessages":[],"meta":{}}],"startTime":1784275760932,"endTime":1784275760936.2266,"status":"passed","message":"","name":"C:/Users/30381/Desktop/VitalSpan/fe/src/lib/chartRenderSpecKey.test.ts"},{"assertionResults":[{"ancestorTitles":["chartSeriesColor"],"fullName":"chartSeriesColor resolves one series per metric","status":"passed","title":"resolves one series per metric","duration":3.654199999999946,"failureMessages":[],"meta":{}},{"ancestorTitles":["chartSeriesColor"],"fullName":"chartSeriesColor detects customized series colors","status":"passed","title":"detects customized series colors","duration":0.47089999999980137,"failureMessages":[],"meta":{}},{"ancestorTitles":["chartSeriesColor"],"fullName":"chartSeriesColor applies per-series color overrides","status":"passed","title":"applies per-series color overrides","duration":0.4418000000000575,"failureMessages":[],"meta":{}}],"startTime":1784275758825,"endTime":1784275758830.442,"status":"passed","message":"","name":"C:/Users/30381/Desktop/VitalSpan/fe/src/lib/chartSeriesColor.test.ts"},{"assertionResults":[{"ancestorTitles":["chartStyleSectionsForType"],"fullName":"chartStyleSectionsForType table omits legend and remark","status":"failed","title":"table omits legend and remark","duration":15.111799999999675,"failureMessages":["AssertionError: expected [ 'tableBasic', 'palette', 鈥?2) ] to deeply equal [ 'tableBasic', 'tableColor', 鈥?2) ]\n    at C:\\Users\\30381\\Desktop\\VitalSpan\\fe\\src\\lib\\chartStyleSectionRegistry.test.ts:6:48\n    at file:///C:/Users/30381/Desktop/VitalSpan/fe/node_modules/.pnpm/@vitest+runner@3.2.6/node_modules/@vitest/runner/dist/chunk-hooks.js:155:11\n    at file:///C:/Users/30381/Desktop/VitalSpan/fe/node_modules/.pnpm/@vitest+runner@3.2.6/node_modules/@vitest/runner/dist/chunk-hooks.js:752:26\n    at file:///C:/Users/30381/Desktop/VitalSpan/fe/node_modules/.pnpm/@vitest+runner@3.2.6/node_modules/@vitest/runner/dist/chunk-hooks.js:1897:20\n    at new Promise (<anonymous>)\n    at runWithTimeout (file:///C:/Users/30381/Desktop/VitalSpan/fe/node_modules/.pnpm/@vitest+runner@3.2.6/node_modules/@vitest/runner/dist/chunk-hooks.js:1863:10)\n    at runTest (file:///C:/Users/30381/Desktop/VitalSpan/fe/node_modules/.pnpm/@vitest+runner@3.2.6/node_modules/@vitest/runner/dist/chunk-hooks.js:1574:12)\n    at processTicksAndRejections (node:internal/process/task_queues:104:5)\n    at runSuite (file:///C:/Users/30381/Desktop/VitalSpan/fe/node_modules/.pnpm/@vitest+runner@3.2.6/node_modules/@vitest/runner/dist/chunk-hooks.js:1729:8)\n    at runSuite (file:///C:/Users/30381/Desktop/VitalSpan/fe/node_modules/.pnpm/@vitest+runner@3.2.6/node_modules/@vitest/runner/dist/chunk-hooks.js:1729:8)"],"meta":{}},{"ancestorTitles":["chartStyleSectionsForType"],"fullName":"chartStyleSectionsForType bar includes variant, palette, legend and label","status":"passed","title":"bar includes variant, palette, legend and label","duration":0.7965999999996711,"failureMessages":[],"meta":{}},{"ancestorTitles":["chartStyleSectionsForType"],"fullName":"chartStyleSectionsForType pie includes legend and label","status":"passed","title":"pie includes legend and label","duration":1.2390999999997803,"failureMessages":[],"meta":{}},{"ancestorTitles":["chartStyleSectionsForType"],"fullName":"chartStyleSectionsForType map includes geo block","status":"passed","title":"map includes geo block","duration":0.4624999999996362,"failureMessages":[],"meta":{}},{"ancestorTitles":["chartStyleSectionsForType"],"fullName":"chartStyleSectionsForType kpi uses label section for metric format","status":"passed","title":"kpi uses label section for metric format","duration":0.3897999999999229,"failureMessages":[],"meta":{}}],"startTime":1784275696953,"endTime":1784275696971.4624,"status":"failed","message":"","name":"C:/Users/30381/Desktop/VitalSpan/fe/src/lib/chartStyleSectionRegistry.test.ts"},{"assertionResults":[{"ancestorTitles":["chartSurfaceTheme"],"fullName":"chartSurfaceTheme T-TABLE-THEME-01: light widget shell overrides dark dashboard scheme","status":"passed","title":"T-TABLE-THEME-01: light widget shell overrides dark dashboard scheme","duration":2.5088000000000648,"failureMessages":[],"meta":{}},{"ancestorTitles":["chartSurfaceTheme"],"fullName":"chartSurfaceTheme T-TABLE-THEME-02: resolveTableThemeVars prefers explicit colors","status":"passed","title":"T-TABLE-THEME-02: resolveTableThemeVars prefers explicit colors","duration":0.6176000000000386,"failureMessages":[],"meta":{}},{"ancestorTitles":["chartSurfaceTheme"],"fullName":"chartSurfaceTheme T-TABLE-THEME-03: uses DE white translucent scroll tokens","status":"passed","title":"T-TABLE-THEME-03: uses DE white translucent scroll tokens","duration":0.34209999999984575,"failureMessages":[],"meta":{}}],"startTime":1784275759006,"endTime":1784275759010.342,"status":"passed","message":"","name":"C:/Users/30381/Desktop/VitalSpan/fe/src/lib/chartSurfaceTheme.test.ts"},{"assertionResults":[{"ancestorTitles":["chartTypeCatalogDisplay"],"fullName":"chartTypeCatalogDisplay T-VIZ-PALETTE-01: fallback catalog covers 12 builtin types","status":"passed","title":"T-VIZ-PALETTE-01: fallback catalog covers 12 builtin types","duration":3.4273999999995794,"failureMessages":[],"meta":{}},{"ancestorTitles":["chartTypeCatalogDisplay"],"fullName":"chartTypeCatalogDisplay T-VIZ-PALETTE-02: groupCatalogItemsByCategory preserves all items","status":"passed","title":"T-VIZ-PALETTE-02: groupCatalogItemsByCategory preserves all items","duration":0.9156999999995605,"failureMessages":[],"meta":{}}],"startTime":1784275757198,"endTime":1784275757202.9158,"status":"passed","message":"","name":"C:/Users/30381/Desktop/VitalSpan/fe/src/lib/chartTypeCatalogDisplay.test.ts"},{"assertionResults":[{"ancestorTitles":["chartValueFormat"],"fullName":"chartValueFormat merges deStyle label over dashboard numberFormat","status":"passed","title":"merges deStyle label over dashboard numberFormat","duration":1.977400000000216,"failureMessages":[],"meta":{}},{"ancestorTitles":["chartValueFormat"],"fullName":"chartValueFormat formats chart values with thousand separator","status":"passed","title":"formats chart values with thousand separator","duration":22.227400000000216,"failureMessages":[],"meta":{}},{"ancestorTitles":["chartValueFormat"],"fullName":"chartValueFormat formats numeric table cells","status":"passed","title":"formats numeric table cells","duration":0.656800000000203,"failureMessages":[],"meta":{}}],"startTime":1784275744711,"endTime":1784275744736.6567,"status":"passed","message":"","name":"C:/Users/30381/Desktop/VitalSpan/fe/src/lib/chartValueFormat.test.ts"},{"assertionResults":[{"ancestorTitles":["chartViewConfig round-trip"],"fullName":"chartViewConfig round-trip T-VIZ-R28-001-05-fe: accepts valid table config","status":"passed","title":"T-VIZ-R28-001-05-fe: accepts valid table config","duration":1.9052000000001499,"failureMessages":[],"meta":{}},{"ancestorTitles":["chartViewConfig round-trip"],"fullName":"chartViewConfig round-trip accepts advanced chart types","status":"passed","title":"accepts advanced chart types","duration":0.37960000000020955,"failureMessages":[],"meta":{}},{"ancestorTitles":["chartViewConfig round-trip"],"fullName":"chartViewConfig round-trip T-VIZ-R236-005-01: accepts native mode with nativeBody and filters","status":"passed","title":"T-VIZ-R236-005-01: accepts native mode with nativeBody and filters","duration":0.32209999999986394,"failureMessages":[],"meta":{}},{"ancestorTitles":["chartViewConfig round-trip"],"fullName":"chartViewConfig round-trip rejects invalid chartType","status":"passed","title":"rejects invalid chartType","duration":0.2434000000002925,"failureMessages":[],"meta":{}},{"ancestorTitles":["chartViewConfig round-trip"],"fullName":"chartViewConfig round-trip T-VIZ-R237-005-04: buildTimeRangeParameters last_7d yields ISO bounds","status":"passed","title":"T-VIZ-R237-005-04: buildTimeRangeParameters last_7d yields ISO bounds","duration":0.9249999999997272,"failureMessages":[],"meta":{}},{"ancestorTitles":["chartViewConfig round-trip"],"fullName":"chartViewConfig round-trip T-VIZ-R237-005-05: disabled timeRange returns empty params","status":"passed","title":"T-VIZ-R237-005-05: disabled timeRange returns empty params","duration":1,"failureMessages":[],"meta":{}}],"startTime":1784275753479,"endTime":1784275753484,"status":"passed","message":"","name":"C:/Users/30381/Desktop/VitalSpan/fe/src/lib/chartViewConfig.test.ts"},{"assertionResults":[{"ancestorTitles":["connector-taxonomy normalize"],"fullName":"connector-taxonomy normalize FB-1-FE-01: snake_case API fields map to displayGroup","status":"passed","title":"FB-1-FE-01: snake_case API fields map to displayGroup","duration":2.078400000000329,"failureMessages":[],"meta":{}},{"ancestorTitles":["connector-taxonomy normalize"],"fullName":"connector-taxonomy normalize FB-1-FE-02: missing displayGroup derives from category","status":"passed","title":"FB-1-FE-02: missing displayGroup derives from category","duration":0.34900000000016007,"failureMessages":[],"meta":{}},{"ancestorTitles":["connector-taxonomy normalize"],"fullName":"connector-taxonomy normalize FB-1-FE-03: groupTypesByDisplayGroup splits legacy API rows","status":"passed","title":"FB-1-FE-03: groupTypesByDisplayGroup splits legacy API rows","duration":1.867200000000139,"failureMessages":[],"meta":{}},{"ancestorTitles":["connector-taxonomy normalize"],"fullName":"connector-taxonomy normalize R1.5: queryCapable and queryMode from API","status":"passed","title":"R1.5: queryCapable and queryMode from API","duration":0.48090000000001965,"failureMessages":[],"meta":{}}],"startTime":1784275745589,"endTime":1784275745594.481,"status":"passed","message":"","name":"C:/Users/30381/Desktop/VitalSpan/fe/src/lib/connector-taxonomy.test.ts"},{"assertionResults":[{"ancestorTitles":["dashboardLayoutToView"],"fullName":"dashboardLayoutToView maps a v1 dashboard without changing its grid geometry","status":"passed","title":"maps a v1 dashboard without changing its grid geometry","duration":2.932299999999941,"failureMessages":[],"meta":{}},{"ancestorTitles":["dashboardLayoutToView"],"fullName":"dashboardLayoutToView maps a v2 dashboard without downgrading its pixel geometry","status":"passed","title":"maps a v2 dashboard without downgrading its pixel geometry","duration":2.46770000000015,"failureMessages":[],"meta":{}}],"startTime":1784275754611,"endTime":1784275754616.4678,"status":"passed","message":"","name":"C:/Users/30381/Desktop/VitalSpan/fe/src/lib/dashboardLayoutToView.test.ts"},{"assertionResults":[{"ancestorTitles":["dashboardPaletteCollapsed"],"fullName":"dashboardPaletteCollapsed defaults palette to open","status":"passed","title":"defaults palette to open","duration":2.506000000000313,"failureMessages":[],"meta":{}},{"ancestorTitles":["dashboardPaletteCollapsed"],"fullName":"dashboardPaletteCollapsed persists palette open state","status":"passed","title":"persists palette open state","duration":0.8448000000003049,"failureMessages":[],"meta":{}},{"ancestorTitles":["dashboardPaletteCollapsed"],"fullName":"dashboardPaletteCollapsed migrates legacy collapsed storage","status":"passed","title":"migrates legacy collapsed storage","duration":0.47590000000036525,"failureMessages":[],"meta":{}},{"ancestorTitles":["dashboardPaletteCollapsed"],"fullName":"dashboardPaletteCollapsed persists collapsed compat helpers","status":"passed","title":"persists collapsed compat helpers","duration":0.3587999999999738,"failureMessages":[],"meta":{}}],"startTime":1784275755906,"endTime":1784275755910.4758,"status":"passed","message":"","name":"C:/Users/30381/Desktop/VitalSpan/fe/src/lib/dashboardPaletteCollapsed.test.ts"},{"assertionResults":[{"ancestorTitles":["dashboardPickerDisplay"],"fullName":"dashboardPickerDisplay disambiguates duplicate dashboard names with short id","status":"passed","title":"disambiguates duplicate dashboard names with short id","duration":1.7907000000000153,"failureMessages":[],"meta":{}},{"ancestorTitles":["dashboardPickerDisplay"],"fullName":"dashboardPickerDisplay matches search by id and Chinese name","status":"passed","title":"matches search by id and Chinese name","duration":29.44240000000036,"failureMessages":[],"meta":{}}],"startTime":1784275743423,"endTime":1784275743454.4424,"status":"passed","message":"","name":"C:/Users/30381/Desktop/VitalSpan/fe/src/lib/dashboardPickerDisplay.test.ts"},{"assertionResults":[{"ancestorTitles":["dashboardScrollTokens"],"fullName":"dashboardScrollTokens T-SCROLL-01: white translucent thumb and transparent track","status":"passed","title":"T-SCROLL-01: white translucent thumb and transparent track","duration":2.006199999999808,"failureMessages":[],"meta":{}}],"startTime":1784275762964,"endTime":1784275762966.006,"status":"passed","message":"","name":"C:/Users/30381/Desktop/VitalSpan/fe/src/lib/dashboardScrollTokens.test.ts"},{"assertionResults":[{"ancestorTitles":["parseQualifiedTable"],"fullName":"parseQualifiedTable splits schema.table","status":"passed","title":"splits schema.table","duration":2.6464999999998327,"failureMessages":[],"meta":{}},{"ancestorTitles":["parseQualifiedTable"],"fullName":"parseQualifiedTable handles bare table name","status":"passed","title":"handles bare table name","duration":0.5820999999996275,"failureMessages":[],"meta":{}},{"ancestorTitles":["buildDatasetQueryPayload"],"fullName":"buildDatasetQueryPayload builds dataset_query payload","status":"passed","title":"builds dataset_query payload","duration":0.6585000000000036,"failureMessages":[],"meta":{}},{"ancestorTitles":["resolveDatasetChartBinding"],"fullName":"resolveDatasetChartBinding reads dataSourceId from config payload","status":"passed","title":"reads dataSourceId from config payload","duration":2.0846999999998843,"failureMessages":[],"meta":{}},{"ancestorTitles":["createAndBindDatasetQueryConfig"],"fullName":"createAndBindDatasetQueryConfig PUT config then POST bind","status":"passed","title":"PUT config then POST bind","duration":1.4268999999999323,"failureMessages":[],"meta":{}}],"startTime":1784275752479,"endTime":1784275752486.427,"status":"passed","message":"","name":"C:/Users/30381/Desktop/VitalSpan/fe/src/lib/datasetChartBinding.test.ts"},{"assertionResults":[{"ancestorTitles":["resolveDefaultDashboardPath"],"fullName":"resolveDefaultDashboardPath returns first role dashboard path","status":"passed","title":"returns first role dashboard path","duration":4.627999999999702,"failureMessages":[],"meta":{}},{"ancestorTitles":["resolveDefaultDashboardPath"],"fullName":"resolveDefaultDashboardPath follows inheritFromRoleId chain","status":"passed","title":"follows inheritFromRoleId chain","duration":0.5565000000001419,"failureMessages":[],"meta":{}},{"ancestorTitles":["resolveDefaultDashboardPath"],"fullName":"resolveDefaultDashboardPath returns null when no defaults","status":"passed","title":"returns null when no defaults","duration":0.4879000000000815,"failureMessages":[],"meta":{}},{"ancestorTitles":["resolveDefaultDashboardPath"],"fullName":"resolveDefaultDashboardPath prefers user override over role default","status":"passed","title":"prefers user override over role default","duration":0.6882000000000517,"failureMessages":[],"meta":{}},{"ancestorTitles":["resolveDefaultDashboardPath"],"fullName":"resolveDefaultDashboardPath prefers override named 榛樿 over other items","status":"passed","title":"prefers override named 榛樿 over other items","duration":0.3263999999999214,"failureMessages":[],"meta":{}},{"ancestorTitles":["resolveDefaultDashboardPath"],"fullName":"resolveDefaultDashboardPath falls back to role chain when me/views empty","status":"passed","title":"falls back to role chain when me/views empty","duration":0.31189999999969586,"failureMessages":[],"meta":{}},{"ancestorTitles":["resolveDefaultDashboardPath"],"fullName":"resolveDefaultDashboardPath skips role on 403 and tries next roleCode","status":"passed","title":"skips role on 403 and tries next roleCode","duration":0.44210000000020955,"failureMessages":[],"meta":{}},{"ancestorTitles":["resolveDefaultDashboardPath"],"fullName":"resolveDefaultDashboardPath returns null on inherit cycle and tries next role","status":"passed","title":"returns null on inherit cycle and tries next role","duration":0.2341999999998734,"failureMessages":[],"meta":{}},{"ancestorTitles":["resolveDefaultDashboardPath"],"fullName":"resolveDefaultDashboardPath stops inherit recursion beyond depth 8","status":"passed","title":"stops inherit recursion beyond depth 8","duration":0.3510000000001128,"failureMessages":[],"meta":{}},{"ancestorTitles":["resolveDefaultDashboardPath"],"fullName":"resolveDefaultDashboardPath continues to role chain when me/views fetch fails","status":"passed","title":"continues to role chain when me/views fetch fails","duration":8.20490000000018,"failureMessages":[],"meta":{}},{"ancestorTitles":["resolveDefaultLandingPath report template fallback"],"fullName":"resolveDefaultLandingPath report template fallback falls back to report template when no dashboard","status":"passed","title":"falls back to report template when no dashboard","duration":0.39820000000008804,"failureMessages":[],"meta":{}},{"ancestorTitles":["resolveDefaultLandingPath report template fallback"],"fullName":"resolveDefaultLandingPath report template fallback prefers dashboard over report template on same role","status":"passed","title":"prefers dashboard over report template on same role","duration":0.2403999999996813,"failureMessages":[],"meta":{}},{"ancestorTitles":["resolveDefaultLandingPath report template fallback"],"fullName":"resolveDefaultLandingPath report template fallback inherits report template from parent role","status":"passed","title":"inherits report template from parent role","duration":0.21850000000040382,"failureMessages":[],"meta":{}}],"startTime":1784275745581,"endTime":1784275745599.2185,"status":"passed","message":"","name":"C:/Users/30381/Desktop/VitalSpan/fe/src/lib/defaultViewResolve.test.ts"},{"assertionResults":[{"ancestorTitles":["dev-user-switch"],"fullName":"dev-user-switch is enabled in vitest dev mode","status":"passed","title":"is enabled in vitest dev mode","duration":2.160399999999754,"failureMessages":[],"meta":{}}],"startTime":1784275763430,"endTime":1784275763432.1604,"status":"passed","message":"","name":"C:/Users/30381/Desktop/VitalSpan/fe/src/lib/dev-user-switch.test.ts"},{"assertionResults":[{"ancestorTitles":["echarts-theme"],"fullName":"echarts-theme dark theme sets legend and axis label colors","status":"passed","title":"dark theme sets legend and axis label colors","duration":3.330699999999979,"failureMessages":[],"meta":{}},{"ancestorTitles":["echarts-theme"],"fullName":"echarts-theme applyEchartsColorSchemeTokens patches pie legend and labels","status":"passed","title":"applyEchartsColorSchemeTokens patches pie legend and labels","duration":1.065299999999752,"failureMessages":[],"meta":{}},{"ancestorTitles":["echarts-theme"],"fullName":"echarts-theme preserves explicit pie label color from deStyle","status":"passed","title":"preserves explicit pie label color from deStyle","duration":0.32529999999997017,"failureMessages":[],"meta":{}}],"startTime":1784275757985,"endTime":1784275757989.3252,"status":"passed","message":"","name":"C:/Users/30381/Desktop/VitalSpan/fe/src/lib/echarts-theme.test.ts"},{"assertionResults":[{"ancestorTitles":["applyDeStyleToEchartsOption"],"fullName":"applyDeStyleToEchartsOption adds dataZoom slider when enabled","status":"passed","title":"adds dataZoom slider when enabled","duration":4.70699999999988,"failureMessages":[],"meta":{}},{"ancestorTitles":["applyDeStyleToEchartsOption"],"fullName":"applyDeStyleToEchartsOption resolves embedded layout without temporal dead zone on compact flag","status":"passed","title":"resolves embedded layout without temporal dead zone on compact flag","duration":1.561699999999746,"failureMessages":[],"meta":{}},{"ancestorTitles":["applyDeStyleToEchartsOption"],"fullName":"applyDeStyleToEchartsOption shows legend in embedded widgets by default","status":"passed","title":"shows legend in embedded widgets by default","duration":0.5589999999997417,"failureMessages":[],"meta":{}},{"ancestorTitles":["applyDeStyleToEchartsOption"],"fullName":"applyDeStyleToEchartsOption hides legend in embedded widgets when explicitly disabled","status":"passed","title":"hides legend in embedded widgets when explicitly disabled","duration":0.3627999999998792,"failureMessages":[],"meta":{}},{"ancestorTitles":["applyDeStyleToEchartsOption"],"fullName":"applyDeStyleToEchartsOption shows legend by default in full-size preview","status":"passed","title":"shows legend by default in full-size preview","duration":0.5059999999998581,"failureMessages":[],"meta":{}},{"ancestorTitles":["applyDeStyleToEchartsOption"],"fullName":"applyDeStyleToEchartsOption applies legend fontSize and position when enabled","status":"passed","title":"applies legend fontSize and position when enabled","duration":0.7764999999999418,"failureMessages":[],"meta":{}},{"ancestorTitles":["applyDeStyleToEchartsOption"],"fullName":"applyDeStyleToEchartsOption applies custom legend icon, size and orient","status":"passed","title":"applies custom legend icon, size and orient","duration":0.4897000000000844,"failureMessages":[],"meta":{}},{"ancestorTitles":["applyDeStyleToEchartsOption"],"fullName":"applyDeStyleToEchartsOption defers legend to shell layout when shellLegend is enabled","status":"passed","title":"defers legend to shell layout when shellLegend is enabled","duration":0.47420000000010987,"failureMessages":[],"meta":{}},{"ancestorTitles":["applyDeStyleToEchartsOption"],"fullName":"applyDeStyleToEchartsOption hides legend when show is false","status":"passed","title":"hides legend when show is false","duration":0.37770000000000437,"failureMessages":[],"meta":{}},{"ancestorTitles":["applyDeStyleToEchartsOption"],"fullName":"applyDeStyleToEchartsOption stacks legend above dataZoom on bottom","status":"passed","title":"stacks legend above dataZoom on bottom","duration":0.4559999999996762,"failureMessages":[],"meta":{}},{"ancestorTitles":["applyDeStyleToEchartsOption"],"fullName":"applyDeStyleToEchartsOption reserves grid bottom for embedded cartesian charts with dataZoom","status":"passed","title":"reserves grid bottom for embedded cartesian charts with dataZoom","duration":0.5703000000003158,"failureMessages":[],"meta":{}},{"ancestorTitles":["applyDeStyleToEchartsOption"],"fullName":"applyDeStyleToEchartsOption uses scroll legend with fixed height in embedded pie charts","status":"passed","title":"uses scroll legend with fixed height in embedded pie charts","duration":0.4170000000003711,"failureMessages":[],"meta":{}},{"ancestorTitles":["applyDeStyleToEchartsOption"],"fullName":"applyDeStyleToEchartsOption shifts pie center when legend is on bottom","status":"passed","title":"shifts pie center when legend is on bottom","duration":0.26949999999987995,"failureMessages":[],"meta":{}},{"ancestorTitles":["applyDeStyleToEchartsOption"],"fullName":"applyDeStyleToEchartsOption applies label color and tooltip presentation from deStyle","status":"passed","title":"applies label color and tooltip presentation from deStyle","duration":0.44000000000005457,"failureMessages":[],"meta":{}},{"ancestorTitles":["applyDeStyleToEchartsOption"],"fullName":"applyDeStyleToEchartsOption prefers explicit labelPresentation over deStyle","status":"passed","title":"prefers explicit labelPresentation over deStyle","duration":0.2689999999997781,"failureMessages":[],"meta":{}},{"ancestorTitles":["applyDeStyleToEchartsOption"],"fullName":"applyDeStyleToEchartsOption keeps existing map label color when labelPresentation.color is unset","status":"passed","title":"keeps existing map label color when labelPresentation.color is unset","duration":0.2568999999998596,"failureMessages":[],"meta":{}}],"startTime":1784275748274,"endTime":1784275748287.269,"status":"passed","message":"","name":"C:/Users/30381/Desktop/VitalSpan/fe/src/lib/echartsDeStyle.test.ts"},{"assertionResults":[{"ancestorTitles":["applyEchartsSeriesPresentation"],"fullName":"applyEchartsSeriesPresentation thickens line series for embedded dashboard","status":"passed","title":"thickens line series for embedded dashboard","duration":2.626299999999901,"failureMessages":[],"meta":{}},{"ancestorTitles":["applyEchartsSeriesPresentation"],"fullName":"applyEchartsSeriesPresentation applies palette opacity to area fill without lineStyle opacity multiplier","status":"passed","title":"applies palette opacity to area fill without lineStyle opacity multiplier","duration":0.6369999999997162,"failureMessages":[],"meta":{}},{"ancestorTitles":["applyEchartsSeriesPresentation"],"fullName":"applyEchartsSeriesPresentation styles bar series with max width and radius","status":"passed","title":"styles bar series with max width and radius","duration":0.4519999999997708,"failureMessages":[],"meta":{}}],"startTime":1784275760200,"endTime":1784275760204.452,"status":"passed","message":"","name":"C:/Users/30381/Desktop/VitalSpan/fe/src/lib/echartsSeriesPresentation.test.ts"},{"assertionResults":[{"ancestorTitles":["resolveMapRegionName"],"fullName":"resolveMapRegionName matches province names with administrative suffixes","status":"passed","title":"matches province names with administrative suffixes","duration":7.0024999999996,"failureMessages":[],"meta":{}},{"ancestorTitles":["resolveMapRegionName"],"fullName":"resolveMapRegionName resolves region codes and adcodes","status":"passed","title":"resolves region codes and adcodes","duration":1.4449000000004162,"failureMessages":[],"meta":{}},{"ancestorTitles":["analyzeGeoMapMatch"],"fullName":"analyzeGeoMapMatch flags unmatched numeric region ids without demo mapping","status":"passed","title":"flags unmatched numeric region ids without demo mapping","duration":2.2467999999998938,"failureMessages":[],"meta":{}},{"ancestorTitles":["resolveEmbeddedGeoRoam"],"fullName":"resolveEmbeddedGeoRoam keeps roam enabled by default for embedded dashboard","status":"passed","title":"keeps roam enabled by default for embedded dashboard","duration":9.172599999999875,"failureMessages":[],"meta":{}},{"ancestorTitles":["resolveDemoMysqlRegionId"],"fullName":"resolveDemoMysqlRegionId maps demo sales.region_id to province names","status":"passed","title":"maps demo sales.region_id to province names","duration":0.5010000000002037,"failureMessages":[],"meta":{}},{"ancestorTitles":["buildGeoMapPlaceholderEchartsOption"],"fullName":"buildGeoMapPlaceholderEchartsOption renders china silhouette without visualMap","status":"passed","title":"renders china silhouette without visualMap","duration":1.956199999999626,"failureMessages":[],"meta":{}},{"ancestorTitles":["buildGeoMapEchartsOption"],"fullName":"buildGeoMapEchartsOption builds choropleth map with visualMap and roam","status":"passed","title":"builds choropleth map with visualMap and roam","duration":2.703700000000026,"failureMessages":[],"meta":{}},{"ancestorTitles":["buildGeoMapEchartsOption"],"fullName":"buildGeoMapEchartsOption aggregates duplicate regions","status":"passed","title":"aggregates duplicate regions","duration":0.5904000000000451,"failureMessages":[],"meta":{}},{"ancestorTitles":["buildGeoMapEchartsOption"],"fullName":"buildGeoMapEchartsOption maps demo region_id values to provinces","status":"passed","title":"maps demo region_id values to provinces","duration":1.9988000000003012,"failureMessages":[],"meta":{}},{"ancestorTitles":["isNumericRegionIdDimension"],"fullName":"isNumericRegionIdDimension detects numeric region_id samples","status":"passed","title":"detects numeric region_id samples","duration":1.159299999999348,"failureMessages":[],"meta":{}},{"ancestorTitles":["analyzeGeoMapMatch with demo region_id"],"fullName":"analyzeGeoMapMatch with demo region_id counts matched rows when demo ids map to provinces","status":"passed","title":"counts matched rows when demo ids map to provinces","duration":0.25789999999960855,"failureMessages":[],"meta":{}},{"ancestorTitles":["buildGeoHeatmapPlaceholderEchartsOption"],"fullName":"buildGeoHeatmapPlaceholderEchartsOption renders empty category heatmap grid","status":"passed","title":"renders empty category heatmap grid","duration":0.6365999999998166,"failureMessages"
[...]
9895,"failureMessages":[],"meta":{}},{"ancestorTitles":["ingestion admin smoke"],"fullName":"ingestion admin smoke SyncJobHistoryPage_error_state_uses_semantic_tokens (T-ING-23)","status":"passed","title":"SyncJobHistoryPage_error_state_uses_semantic_tokens (T-ING-23)","duration":29.144500000000335,"failureMessages":[],"meta":{}},{"ancestorTitles":["ingestion admin smoke"],"fullName":"ingestion admin smoke SyncJobHistoryPage_renders_50_rows_under_800ms (T-ING-24)","status":"passed","title":"SyncJobHistoryPage_renders_50_rows_under_800ms (T-ING-24)","duration":152.60220000000118,"failureMessages":[],"meta":{}},{"ancestorTitles":["ingestion admin smoke"],"fullName":"ingestion admin smoke EtlRulesPage_empty_column_sets_aria_invalid (T-ING-25)","status":"passed","title":"EtlRulesPage_empty_column_sets_aria_invalid (T-ING-25)","duration":116.77859999999964,"failureMessages":[],"meta":{}},{"ancestorTitles":["ingestion admin smoke"],"fullName":"ingestion admin smoke SyncJobHistoryPage_error_banner_has_role_alert (T-ING-26)","status":"passed","title":"SyncJobHistoryPage_error_banner_has_role_alert (T-ING-26)","duration":19.91649999999936,"failureMessages":[],"meta":{}},{"ancestorTitles":["ingestion admin smoke"],"fullName":"ingestion admin smoke SyncJobsPage_mobile_first_paint_under_600ms (T-ING-27)","status":"passed","title":"SyncJobsPage_mobile_first_paint_under_600ms (T-ING-27)","duration":141.8653000000013,"failureMessages":[],"meta":{}},{"ancestorTitles":["ingestion admin smoke"],"fullName":"ingestion admin smoke SyncJobsPage_run_confirms_and_calls_post (T-ING-28)","status":"passed","title":"SyncJobsPage_run_confirms_and_calls_post (T-ING-28)","duration":326.27210000000014,"failureMessages":[],"meta":{}},{"ancestorTitles":["ingestion admin smoke"],"fullName":"ingestion admin smoke SyncJobsPage_run_cancel_skips_api (T-ING-29)","status":"passed","title":"SyncJobsPage_run_cancel_skips_api (T-ING-29)","duration":307.3174999999992,"failureMessages":[],"meta":{}},{"ancestorTitles":["ingestion admin smoke"],"fullName":"ingestion admin smoke SyncJobsPage_load_401_shows_error (T-ING-30)","status":"passed","title":"SyncJobsPage_load_401_shows_error (T-ING-30)","duration":46.40140000000065,"failureMessages":[],"meta":{}},{"ancestorTitles":["ingestion admin smoke"],"fullName":"ingestion admin smoke SyncJobHistoryPage_renders_100_rows_under_900ms (T-ING-31)","status":"passed","title":"SyncJobHistoryPage_renders_100_rows_under_900ms (T-ING-31)","duration":288.9357999999993,"failureMessages":[],"meta":{}},{"ancestorTitles":["ingestion admin smoke"],"fullName":"ingestion admin smoke SyncJobHistoryPage_failed_row_shows_error_message (T-ING-32)","status":"passed","title":"SyncJobHistoryPage_failed_row_shows_error_message (T-ING-32)","duration":31.95349999999962,"failureMessages":[],"meta":{}},{"ancestorTitles":["ingestion admin smoke"],"fullName":"ingestion admin smoke SyncJobsPage_list_shows_skeleton_while_loading (T-ING-33)","status":"passed","title":"SyncJobsPage_list_shows_skeleton_while_loading (T-ING-33)","duration":30.86579999999958,"failureMessages":[],"meta":{}},{"ancestorTitles":["ingestion admin smoke"],"fullName":"ingestion admin smoke EtlRulesPage_save_401_shows_error_no_success (T-ING-34)","status":"passed","title":"EtlRulesPage_save_401_shows_error_no_success (T-ING-34)","duration":97.48480000000018,"failureMessages":[],"meta":{}},{"ancestorTitles":["ingestion admin smoke"],"fullName":"ingestion admin smoke SyncJobsPage_run_dialog_confirm_disables_controls_pending (T-ING-35)","status":"passed","title":"SyncJobsPage_run_dialog_confirm_disables_controls_pending (T-ING-35)","duration":273.6780999999992,"failureMessages":[],"meta":{}}],"startTime":1784275698842,"endTime":1784275704170.678,"status":"passed","message":"","name":"C:/Users/30381/Desktop/VitalSpan/fe/src/pages/admin/ingestion/ingestion.smoke.test.tsx"},{"assertionResults":[{"ancestorTitles":["BatchImportPanel smoke"],"fullName":"BatchImportPanel smoke shows parse error for invalid json","status":"passed","title":"shows parse error for invalid json","duration":250.29849999999988,"failureMessages":[],"meta":{}}],"startTime":1784275729837,"endTime":1784275730087.2986,"status":"passed","message":"","name":"C:/Users/30381/Desktop/VitalSpan/fe/src/pages/admin/reports/BatchImportPanel.smoke.test.tsx"},{"assertionResults":[{"ancestorTitles":["PrefabReportsPage smoke"],"fullName":"PrefabReportsPage smoke renders binding list from API","status":"passed","title":"renders binding list from API","duration":415.15700000000015,"failureMessages":[],"meta":{}},{"ancestorTitles":["PrefabReportsPage smoke"],"fullName":"PrefabReportsPage smoke shows empty state when total=0","status":"passed","title":"shows empty state when total=0","duration":240.09110000000055,"failureMessages":[],"meta":{}},{"ancestorTitles":["PrefabReportsPage smoke"],"fullName":"PrefabReportsPage smoke run success displays table headers","status":"passed","title":"run success displays table headers","duration":355.14720000000034,"failureMessages":[],"meta":{}},{"ancestorTitles":["PrefabReportsPage smoke"],"fullName":"PrefabReportsPage smoke viewer sees forbidden message on run error","status":"passed","title":"viewer sees forbidden message on run error","duration":92.01850000000013,"failureMessages":[],"meta":{}}],"startTime":1784275714328,"endTime":1784275715431.0186,"status":"passed","message":"","name":"C:/Users/30381/Desktop/VitalSpan/fe/src/pages/admin/reports/prefab-reports.smoke.test.tsx"},{"assertionResults":[{"ancestorTitles":["report templates smoke"],"fullName":"report templates smoke shows empty catalog state","status":"passed","title":"shows empty catalog state","duration":290.9430000000002,"failureMessages":[],"meta":{}},{"ancestorTitles":["report templates smoke"],"fullName":"report templates smoke loads tree and shows extension preview","status":"passed","title":"loads tree and shows extension preview","duration":734.1369999999997,"failureMessages":[],"meta":{}},{"ancestorTitles":["report templates smoke"],"fullName":"report templates smoke saves extension with toast on change note","status":"passed","title":"saves extension with toast on change note","duration":701.0657000000001,"failureMessages":[],"meta":{}},{"ancestorTitles":["NFR-002 report query P95"],"fullName":"NFR-002 report query P95 mock template run P95 within CI budget","status":"passed","title":"mock template run P95 within CI budget","duration":0.9084000000002561,"failureMessages":[],"meta":{}}],"startTime":1784275710311,"endTime":1784275712038.9084,"status":"passed","message":"","name":"C:/Users/30381/Desktop/VitalSpan/fe/src/pages/admin/reports/report-templates.smoke.test.tsx"},{"assertionResults":[{"ancestorTitles":["SchedulePanel smoke"],"fullName":"SchedulePanel smoke renders empty state","status":"passed","title":"renders empty state","duration":102.03940000000057,"failureMessages":[],"meta":{}},{"ancestorTitles":["SchedulePanel smoke"],"fullName":"SchedulePanel smoke shows retry for degraded history","status":"passed","title":"shows retry for degraded history","duration":250.64959999999974,"failureMessages":[],"meta":{}}],"startTime":1784275727761,"endTime":1784275728113.6497,"status":"passed","message":"","name":"C:/Users/30381/Desktop/VitalSpan/fe/src/pages/admin/reports/SchedulePanel.smoke.test.tsx"},{"assertionResults":[{"ancestorTitles":["ThemeAnalysisPage smoke"],"fullName":"ThemeAnalysisPage smoke analysis tab prompts configure when no config","status":"passed","title":"analysis tab prompts configure when no config","duration":457.9400999999998,"failureMessages":[],"meta":{}},{"ancestorTitles":["ThemeAnalysisPage smoke"],"fullName":"ThemeAnalysisPage smoke save config shows success toast","status":"passed","title":"save config shows success toast","duration":213.52279999999882,"failureMessages":[],"meta":{}},{"ancestorTitles":["ThemeAnalysisPage smoke"],"fullName":"ThemeAnalysisPage smoke dimension pill triggers drill query","status":"passed","title":"dimension pill triggers drill query","duration":335.7556999999997,"failureMessages":[],"meta":{}},{"ancestorTitles":["ThemeAnalysisPage smoke"],"fullName":"ThemeAnalysisPage smoke geo map panel renders with region distribution data","status":"passed","title":"geo map panel renders with region distribution data","duration":231.1794000000009,"failureMessages":[],"meta":{}},{"ancestorTitles":["ThemeAnalysisPage smoke"],"fullName":"ThemeAnalysisPage smoke viewer sees read-only message on config tab","status":"passed","title":"viewer sees read-only message on config tab","duration":167.88709999999992,"failureMessages":[],"meta":{}}],"startTime":1784275711665,"endTime":1784275713071.8872,"status":"passed","message":"","name":"C:/Users/30381/Desktop/VitalSpan/fe/src/pages/admin/themes/theme-analysis.smoke.test.tsx"},{"assertionResults":[{"ancestorTitles":["changePasswordForm validation"],"fullName":"changePasswordForm validation requires all fields","status":"passed","title":"requires all fields","duration":2.1855000000000473,"failureMessages":[],"meta":{}},{"ancestorTitles":["changePasswordForm validation"],"fullName":"changePasswordForm validation enforces new password length boundaries","status":"passed","title":"enforces new password length boundaries","duration":0.44860000000016953,"failureMessages":[],"meta":{}},{"ancestorTitles":["changePasswordForm validation"],"fullName":"changePasswordForm validation rejects unchanged password and confirm mismatch","status":"passed","title":"rejects unchanged password and confirm mismatch","duration":0.37570000000005166,"failureMessages":[],"meta":{}},{"ancestorTitles":["changePasswordForm validation"],"fullName":"changePasswordForm validation returns the first invalid field in stable order","status":"passed","title":"returns the first invalid field in stable order","duration":0.31389999999964857,"failureMessages":[],"meta":{}},{"ancestorTitles":["changePasswordForm server error mapping"],"fullName":"changePasswordForm server error mapping maps current password and unchanged password codes to fields","status":"passed","title":"maps current password and unchanged password codes to fields","duration":1.7109000000000378,"failureMessages":[],"meta":{}},{"ancestorTitles":["changePasswordForm server error mapping"],"fullName":"changePasswordForm server error mapping keeps unknown errors at block level","status":"passed","title":"keeps unknown errors at block level","duration":0.7080000000000837,"failureMessages":[],"meta":{}}],"startTime":1784275755039,"endTime":1784275755044.711,"status":"passed","message":"","name":"C:/Users/30381/Desktop/VitalSpan/fe/src/pages/admin/account/components/changePasswordForm.test.ts"},{"assertionResults":[{"ancestorTitles":["ChangePasswordSection"],"fullName":"ChangePasswordSection renders required fields, rules, and helper associations","status":"passed","title":"renders required fields, rules, and helper associations","duration":100.60280000000057,"failureMessages":[],"meta":{}},{"ancestorTitles":["ChangePasswordSection"],"fullName":"ChangePasswordSection toggles each password field visibility independently without clearing values","status":"passed","title":"toggles each password field visibility independently without clearing values","duration":1025.2019,"failureMessages":[],"meta":{}},{"ancestorTitles":["ChangePasswordSection"],"fullName":"ChangePasswordSection validates empty, length, same-password, and instant confirm mismatch","status":"passed","title":"validates empty, length, same-password, and instant confirm mismatch","duration":4424.366,"failureMessages":[],"meta":{}},{"ancestorTitles":["ChangePasswordSection"],"fullName":"ChangePasswordSection does not call api on invalid submit and focuses the first invalid field","status":"passed","title":"does not call api on invalid submit and focuses the first invalid field","duration":70.79349999999977,"failureMessages":[],"meta":{}},{"ancestorTitles":["ChangePasswordSection"],"fullName":"ChangePasswordSection submits valid payload with preserveSessionOn401Codes","status":"passed","title":"submits valid payload with preserveSessionOn401Codes","duration":839.0382000000009,"failureMessages":[],"meta":{}},{"ancestorTitles":["ChangePasswordSection"],"fullName":"ChangePasswordSection shows loading state and prevents duplicate submissions","status":"passed","title":"shows loading state and prevents duplicate submissions","duration":952.0427999999993,"failureMessages":[],"meta":{}},{"ancestorTitles":["ChangePasswordSection"],"fullName":"ChangePasswordSection clears the form and shows success toast after a successful submit","status":"passed","title":"clears the form and shows success toast after a successful submit","duration":892.2999,"failureMessages":[],"meta":{}},{"ancestorTitles":["ChangePasswordSection"],"fullName":"ChangePasswordSection maps AUTH_INVALID_CURRENT_PASSWORD to the current password field and preserves input","status":"passed","title":"maps AUTH_INVALID_CURRENT_PASSWORD to the current password field and preserves input","duration":930.2803000000004,"failureMessages":[],"meta":{}},{"ancestorTitles":["ChangePasswordSection"],"fullName":"ChangePasswordSection maps AUTH_PASSWORD_UNCHANGED to the new password field","status":"passed","title":"maps AUTH_PASSWORD_UNCHANGED to the new password field","duration":903.1216000000004,"failureMessages":[],"meta":{}},{"ancestorTitles":["ChangePasswordSection"],"fullName":"ChangePasswordSection shows block-level actionable error for unknown failures and preserves input","status":"passed","title":"shows block-level actionable error for unknown failures and preserves input","duration":948.0375000000004,"failureMessages":[],"meta":{}},{"ancestorTitles":["ChangePasswordSection"],"fullName":"ChangePasswordSection does not submit when only visibility buttons are clicked","status":"passed","title":"does not submit when only visibility buttons are clicked","duration":1067.0794000000005,"failureMessages":[],"meta":{}}],"startTime":1784275697948,"endTime":1784275710101.0793,"status":"passed","message":"","name":"C:/Users/30381/Desktop/VitalSpan/fe/src/pages/admin/account/components/ChangePasswordSection.smoke.test.tsx"},{"assertionResults":[{"ancestorTitles":["ChangePasswordSession integration"],"fullName":"ChangePasswordSession integration preserves session on business 401 for wrong current password","status":"passed","title":"preserves session on business 401 for wrong current password","duration":1228.7465999999995,"failureMessages":[],"meta":{}}],"startTime":1784275710575,"endTime":1784275711803.7466,"status":"passed","message":"","name":"C:/Users/30381/Desktop/VitalSpan/fe/src/pages/admin/account/components/ChangePasswordSession.integration.test.tsx"},{"assertionResults":[{"ancestorTitles":["audit-display"],"fullName":"audit-display maps known actions to Chinese labels","status":"passed","title":"maps known actions to Chinese labels","duration":0.9113999999999578,"failureMessages":[],"meta":{}},{"ancestorTitles":["audit-display"],"fullName":"audit-display summarizes role replace detail","status":"passed","title":"summarizes role replace detail","duration":0.2203999999996995,"failureMessages":[],"meta":{}}],"startTime":1784275763845,"endTime":1784275763846.2205,"status":"passed","message":"","name":"C:/Users/30381/Desktop/VitalSpan/fe/src/pages/admin/system/audit/audit-display.test.ts"},{"assertionResults":[{"ancestorTitles":["AuditLogPage smoke"],"fullName":"AuditLogPage smoke exposes time range filters","status":"passed","title":"exposes time range filters","duration":282.02099999999973,"failureMessages":[],"meta":{}},{"ancestorTitles":["AuditLogPage smoke"],"fullName":"AuditLogPage smoke renders readable audit rows","status":"passed","title":"renders readable audit rows","duration":254.59349999999995,"failureMessages":[],"meta":{}},{"ancestorTitles":["AuditLogPage smoke"],"fullName":"AuditLogPage smoke shows pagination when total exceeds page size","status":"passed","title":"shows pagination when total exceeds page size","duration":561.7239999999993,"failureMessages":[],"meta":{}},{"ancestorTitles":["AuditLogPage smoke"],"fullName":"AuditLogPage smoke opens detail sheet","status":"passed","title":"opens detail sheet","duration":448.3058999999994,"failureMessages":[],"meta":{}}],"startTime":1784275714107,"endTime":1784275715654.306,"status":"passed","message":"","name":"C:/Users/30381/Desktop/VitalSpan/fe/src/pages/admin/system/audit/audit.smoke.test.tsx"},{"assertionResults":[{"ancestorTitles":["GrantsPage smoke"],"fullName":"GrantsPage smoke T-AUTH-004-FE-01: renders table with role name, resource type, resource id","status":"passed","title":"T-AUTH-004-FE-01: renders table with role name, resource type, resource id","duration":449.6753000000008,"failureMessages":[],"meta":{}},{"ancestorTitles":["GrantsPage smoke"],"fullName":"GrantsPage smoke T-AUTH-004-FE-02: create dialog shows field errors on empty submit","status":"passed","title":"T-AUTH-004-FE-02: create dialog shows field errors on empty submit","duration":568.0619999999999,"failureMessages":[],"meta":{}},{"ancestorTitles":["GrantsPage smoke"],"fullName":"GrantsPage smoke T-AUTH-004-FE-03: POST success closes dialog and refreshes list","status":"passed","title":"T-AUTH-004-FE-03: POST success closes dialog and refreshes list","duration":3514.217499999999,"failureMessages":[],"meta":{}},{"ancestorTitles":["GrantsPage smoke"],"fullName":"GrantsPage smoke T-AUTH-004-FE-04: revoke AlertDialog calls DELETE","status":"passed","title":"T-AUTH-004-FE-04: revoke AlertDialog calls DELETE","duration":398.5131000000001,"failureMessages":[],"meta":{}}],"startTime":1784275699103,"endTime":1784275704033.5132,"status":"passed","message":"","name":"C:/Users/30381/Desktop/VitalSpan/fe/src/pages/admin/system/grants/grants.smoke.test.tsx"},{"assertionResults":[{"ancestorTitles":["RlsAdminPage smoke"],"fullName":"RlsAdminPage smoke renders dimensions and can open groups / bindings tabs","status":"passed","title":"renders dimensions and can open groups / bindings tabs","duration":994.0625,"failureMessages":[],"meta":{}}],"startTime":1784275720375,"endTime":1784275721369.0625,"status":"passed","message":"","name":"C:/Users/30381/Desktop/VitalSpan/fe/src/pages/admin/system/rls/rls.smoke.test.tsx"},{"assertionResults":[{"ancestorTitles":["RoleListPage smoke"],"fullName":"RoleListPage smoke T-AUTH-001-01: renders table and create button","status":"passed","title":"T-AUTH-001-01: renders table and create button","duration":390.35249999999996,"failureMessages":[],"meta":{}},{"ancestorTitles":["RoleListPage smoke"],"fullName":"RoleListPage smoke T-AUTH-001-03: search shows a single clear control","status":"passed","title":"T-AUTH-001-03: search shows a single clear control","duration":311.6971999999996,"failureMessages":[],"meta":{}},{"ancestorTitles":["RoleListPage smoke"],"fullName":"RoleListPage smoke T-AUTH-001-02: POST role refetches list","status":"passed","title":"T-AUTH-001-02: POST role refetches list","duration":1464.1473999999998,"failureMessages":[],"meta":{}}],"startTime":1784275707303,"endTime":1784275709469.1475,"status":"passed","message":"","name":"C:/Users/30381/Desktop/VitalSpan/fe/src/pages/admin/system/roles/roles.smoke.test.tsx"},{"assertionResults":[{"ancestorTitles":["UserListPage smoke"],"fullName":"UserListPage smoke T-AUTH-003-01: renders user table from GET /users","status":"passed","title":"T-AUTH-003-01: renders user table from GET /users","duration":330.39910000000054,"failureMessages":[],"meta":{}},{"ancestorTitles":["UserListPage smoke"],"fullName":"UserListPage smoke T-AUTH-003-02: save role bind triggers PUT with roleIds","status":"passed","title":"T-AUTH-003-02: save role bind triggers PUT with roleIds","duration":733.4414999999999,"failureMessages":[],"meta":{}}],"startTime":1784275714989,"endTime":1784275716052.4414,"status":"passed","message":"","name":"C:/Users/30381/Desktop/VitalSpan/fe/src/pages/admin/system/users/users.smoke.test.tsx"}]}
